16:54:47.140 | LoadConfig : Success.
16:54:47.203 | ──── ━━
16:54:47.218 | Ehnd :: 엔드 - VER. V3.20 :: COMPILE AT Dec  1 2017, 22:55:31
16:54:47.218 | ──── ━━ Ehnd -- sokcuri.neko.kr --
16:54:47.234 | 
16:54:47.250 | - 제작자 : 소쿠릿 feat 꿀도르 170528
16:54:47.250 | ━━━━━━━━━───────────-＊
16:54:47.265 | EzTransPath : C:\Users\power\Desktop\Project\Dev\EhndWebTranslate\utils
16:54:47.265 | ExecutePath : C:\Users\power\AppData\Local\Programs\Python\Python37-32
16:54:47.281 | HookUserDict : Success.
16:54:47.296 | HookUserDict2 : Success.
16:54:47.296 | HookWordInfo : Success.
16:54:47.312 | HookUserDict : 사용자사전 알고리즘 최적화.
16:54:47.328 | EhndDicCleanUp : UserDict_249005978.ehnd
16:54:47.328 | EhndDicCleanUp : --- Elasped Time : 16ms ---
16:54:47.343 | PreFilterRead : 100개의 전처리 필터 "PreFilter_@01User일반.txt"를 읽었습니다.
16:54:47.359 | PreFilterRead : 42개의 전처리 필터 "PreFilter_@04User녹턴.txt"를 읽었습니다.
16:54:47.359 | PreFilterRead : 0개의 전처리 필터 "PreFilter_@1Hdor_Set.txt"를 읽었습니다.
16:54:47.375 | PreFilterRead : 2개의 전처리 필터 "PreFilter_@99User신규복사용.txt"를 읽었습니다.
16:54:47.406 | PreFilterRead : 3565개의 전처리 필터 "PreFilter_@Custom.txt"를 읽었습니다.
16:54:47.578 | PreFilterRead : 12597개의 전처리 필터 "PreFilter_@Hdor.txt"를 읽었습니다.
16:54:47.593 | PreFilterRead : 2612개의 전처리 필터 "PreFilter_@Hdor_C.txt"를 읽었습니다.
16:54:47.609 | PreFilterRead : 3개의 전처리 필터 "PreFilter_@kdr.txt"를 읽었습니다.
16:54:47.718 | PreFilterRead : 총 18921개의 전처리 필터를 읽었습니다.
16:54:47.734 | PreFilterRead : --- Elasped Time : 390ms ---
16:54:47.750 | PostFilterRead : 2435개의 후처리 필터 "PostFilter_@Hdor.txt"를 읽었습니다.
16:54:47.796 | PostFilterRead : 2735개의 후처리 필터 "PostFilter_@Hdor_C.txt"를 읽었습니다.
16:54:47.812 | PostFilterRead : 1313개의 후처리 필터 "PostFilter_@Hdor_User.txt"를 읽었습니다.
16:54:47.828 | PostFilterRead : 149개의 후처리 필터 "PostFilter_@Hdor_User01일반.txt"를 읽었습니다.
16:54:47.828 | PostFilterRead : 157개의 후처리 필터 "PostFilter_@Hdor_User03정.txt"를 읽었습니다.
16:54:47.843 | PostFilterRead : 26개의 후처리 필터 "PostFilter_@Hdor_User04녹턴.txt"를 읽었습니다.
16:54:47.859 | PostFilterRead : 3개의 후처리 필터 "PostFilter_@Hdor_User99신규복사용.txt"를 읽었습니다.
16:54:47.875 | PostFilterRead : 3개의 후처리 필터 "PostFilter_@kdr.txt"를 읽었습니다.
16:54:47.906 | PostFilterRead : 총 6821개의 후처리 필터를 읽었습니다.
16:54:47.921 | PostFilterRead : --- Elasped Time : 187ms ---
16:54:47.937 | UserDicRead : 1087개의 사용자 사전 "UserDict_@Custom.txt"를 읽었습니다.
16:54:48.953 | UserDicRead : 6577개의 사용자 사전 "UserDict_@dansun#name.txt"를 읽었습니다.
16:54:48.984 | UserDicRead : 1796개의 사용자 사전 "UserDict_@Hdor#0#req.txt"를 읽었습니다.
16:54:48.015 | UserDicRead : 11102개의 사용자 사전 "UserDict_@Hdor#1.txt"를 읽었습니다.
16:54:48.031 | UserDicRead : 4951개의 사용자 사전 "UserDict_@Hdor#name.txt"를 읽었습니다.
16:54:48.046 | UserDicRead : 469개의 사용자 사전 "UserDict_@kdr#name.txt"를 읽었습니다.
16:54:48.046 | UserDicRead : 87개의 사용자 사전 "UserDict_@kdr#일반.txt"를 읽었습니다.
16:54:48.062 | UserDicRead : 172개의 사용자 사전 "UserDict_@변환#01일반.txt"를 읽었습니다.
16:54:48.093 | UserDicRead : 3762개의 사용자 사전 "UserDict_@변환#02모에사전#name.txt"를 읽었습니다.
16:54:48.109 | UserDicRead : 22개의 사용자 사전 "UserDict_@변환#03정.txt"를 읽었습니다.
16:54:48.109 | UserDicRead : 37개의 사용자 사전 "UserDict_@변환#04녹턴.txt"를 읽었습니다.
16:54:48.125 | UserDicRead : 0개의 사용자 사전 "UserDict_@변환#99신규복사용.txt"를 읽었습니다.
16:54:48.265 | UserDicRead : 총 30062개의 사용자 사전 파일을 읽었습니다.
16:54:48.281 | UserDicRead : --- Elasped Time : 344ms ---
16:54:48.312 | EhndDicCreate : 사용자사전 바이너리 "UserDict_249684181.ehnd" 생성.
16:54:48.328 | EhndDicCreate : --- Elasped Time : 31ms ---
16:54:48.343 | SkipLayerRead : 47개의 스킵레이어 SkipLayer_@Hdor.txt를 읽었습니다.
16:54:48.359 | SkipLayerRead : 총 47개의 스킵레이어를 읽었습니다.
16:54:48.375 | SkipLayerRead : --- Elasped Time : 16ms ---
16:55:03.171 | [REQUEST]  ↓#_#_# ログイン#_#_# 小説情報#_#_# 感想#_#_# レビュー#_#_# 縦書きPDF#_#_# ブックマークに追加#_#_# 表示調整#_#_# ブックマーク登録する場合は#_#_#  ログイン#_#_# してください。#_#_# ログイン#_#_# 婚約破棄された替え玉令嬢、初恋の年上王子に溺愛される　～元婚約者が復縁してくれと毎日土下座してきますが、あなたの相手をしてる暇はありません～#_#_# 榛名丼#_#_# &lt;&lt; 前へ#_#_# 次へ &gt;&gt;#_#_# 2/56#_#_# 第２話．懐かしい名前#_#_# 「お姉様、わたくしの替え玉になってくださらない？」#_#_# それは、魔法学院に入学して間もなくのこと。#_#_# 唐突にそんなことを言い出した妹のリーナに、ルイゼは困惑した。#_#_# 「……リーナ、それはどういう意味？」#_#_# 「言葉の意味そのままよ。わたくし、いちいちテストとか受けるの面倒なの。お姉様はお勉強だけはお得意だそうだから、#_#_#   わ#_#_#   (#_#_#   ・#_#_#   )#_#_#   た#_#_#   (#_#_#   ・#_#_#   )#_#_#   く#_#_#   (#_#_#   ・#_#_#   )#_#_#   し#_#_#   (#_#_#   ・#_#_#   )#_#_#   の#_#_#   (#_#_#   ・#_#_#   )#_#_#   振#_#_#   (#_#_#   ・#_#_#   )#_#_#   り#_#_#   (#_#_#   ・#_#_#   )#_#_#   を#_#_#   (#_#_#   ・#_#_#   )#_#_#   し#_#_#   (#_#_#   ・#_#_#   )#_#_#   て#_#_#   (#_#_#   ・#_#_#   )#_#_#   試#_#_#   (#_#_#   ・#_#_#   )#_#_#   験#_#_#   (#_#_#   ・#_#_#   )#_#_#   に#_#_#   (#_#_#   ・#_#_#   )#_#_#   出#_#_#   (#_#_#   ・#_#_#   )#_#_#   て#_#_#   (#_#_#   ・#_#_#...
16:55:03.328 | PreFilter : [PreFilter_@Custom.txt:4089] | を取 | _MATCH_CHECK | 0 | 11020210
16:55:03.343 | PreFilter : [PreFilter_@01User일반.txt:45] | ―― | -- | 777 | 0
16:55:03.359 | PreFilter : [PreFilter_@01User일반.txt:58] | なってきた | なり始めた | 777 | 0
16:55:03.359 | PreFilter : [PreFilter_@01User일반.txt:64] | してきた | した | 777 | 0
16:55:03.375 | PreFilter : [PreFilter_@01User일반.txt:86] | のことを | を | 777 | 0
16:55:03.390 | PreFilter : [PreFilter_@Custom.txt:265] | 日前 | 日##前 | 10000000 | 0
16:55:03.406 | PreFilter : [PreFilter_@Custom.txt:274] | ぎこちな(?=[いくさ]|かっ|けれ|そう|[過す]ぎ) | ##ぎこちな | 10000000 | 1
16:55:03.421 | PreFilter : [PreFilter_@Custom.txt:553] | がなくな(?<!しょう.{4})(?=[らりるれろっ]) | #Mがなくな | 10000000 | 1
16:55:03.437 | PreFilter : [PreFilter_@Custom.txt:1321] | ません | _MATCH_CHECK | 10000000 | 0
16:55:03.437 | 토글 변수 I0_MASEN_의 상태가 ON으로 변경.
16:55:03.468 | PreFilter : [PreFilter_@Custom.txt:1380] | にとって(?=[よるのねとだなに]|から|こそ|じゃ) | #Mにとって | 10000000 | 1
16:55:03.484 | PreFilter : [PreFilter_@Custom.txt:3218] | 間もなく(?<![ただるうくぐすつぶむ隙].{4}) | @:머지 않아#M | 10000000 | 1
16:55:03.500 | PreFilter : [PreFilter_@Custom.txt:106] | みたいな(?!って|[とんのらぁ]) | みたいな## | 10000001 | 1
16:55:03.500 | PreFilter : [PreFilter_@Custom.txt:536] | 一切 | 一切#M | 10000001 | 0
16:55:03.515 | PreFilter : [PreFilter_@Custom.txt:2050] | 振り返(?=[らりるれろっ]) | 〚뒤돌아본다〛=る5 | 10000010 | 1
16:55:03.531 | PreFilter : [PreFilter_@Custom.txt:2743] | 気を取り直(?=[さしすせそ]) | 〚마음을 바로잡는다〛=す | 10000010 | 1
16:55:03.546 | PreFilter : [PreFilter_@Custom.txt:2751] | 押し([付つ])け | 〚밀어붙인다〛押し$1け=る1 | 10000010 | 1
16:55:03.562 | PreFilter : [PreFilter_@Custom.txt:2770] | 見開(?=[かきくけこい]) | 〚크게 뜬다〛=く | 10000010 | 1
16:55:03.578 | PreFilter : [PreFilter_@Custom.txt:2789] | (?:[遣や])って来 | 〚다가온다〛遣って来=る1 | 10000010 | 1
16:55:03.593 | PreFilter : [PreFilter_@Custom.txt:2931] | 寝起き | 〚자다 일어난다〛寝起き=る1 | 10000010 | 0
16:55:03.609 | PreFilter : [PreFilter_@Custom.txt:2982] | 喋(?=[らりるれろっ]) | 〚말한다_수다〛=る5 | 10000010 | 1
16:55:03.625 | PreFilter : [PreFilter_@Custom.txt:2518] | ([^一-龥])扱(?=[わうえおっ]|い(?!て)) | $1〚취급한다_취급〛扱=う | 10000020 | 1
16:55:03.640 | PreFilter : [PreFilter_@Custom.txt:2835] | ([^一-龥])よそ(?=[わいうえおっ]) | $1装$2 | 10000020 | 1
16:55:03.656 | PreFilter : [PreFilter_@Custom.txt:2836] | ([^一-龥])装(?=[わいうえおっ]) | $1〚나눈다_옷차림〛=う | 10000020 | 1
16:55:03.671 | PreFilter : [PreFilter_@Custom.txt:3029] | ([^一-龥])走(?=[らりるれろっ](?!抜)) | $1〚달린다〛=る5 | 10000020 | 1
16:55:03.687 | PreFilter : [PreFilter_@Custom.txt:3216] | 眠り(?<!居.{2}) | 〚M:@:잠#M〛眠=り | 10000020 | 1
16:55:03.703 | PreFilter : [PreFilter_@Custom.txt:3545] | 驚いた | びっくりした | 10000020 | 0
16:55:03.718 | PreFilter : [PreFilter_@Custom.txt:2347] | 唐突 | _MATCH_CHECK | 10001020 | 0
16:55:03.718 | PreFilter : [PreFilter_@Custom.txt:2349] | 唐突に | いきなり | 10001020 | 0
16:55:03.734 | PreFilter : [PreFilter_@Custom.txt:2353] | 痛 | _MATCH_CHECK | 10001026 | 0
16:55:03.750 | PreFilter : [PreFilter_@Custom.txt:2366] | 面倒を見 | _MATCH_CHECK | 10001028 | 0
16:55:03.750 | PreFilter : [PreFilter_@Custom.txt:2370] | 面倒を見 | 〚돌본다〛見=る1 | 10001028 | 0
16:55:03.765 | PreFilter : [PreFilter_@Custom.txt:1927] | 身 | _MATCH_CHECK | 10002002 | 0
16:55:03.781 | PreFilter : [PreFilter_@Custom.txt:1928] | 体 | _MATCH_CHECK | 10002002 | 0
16:55:03.781 | PreFilter : [PreFilter_@Custom.txt:1936] | 部屋 | _MATCH_CHECK | 10002003 | 0
16:55:03.796 | PreFilter : [PreFilter_@Custom.txt:1947] | 口 | _MATCH_CHECK | 10002005 | 0
16:55:03.812 | PreFilter : [PreFilter_@Custom.txt:1950] | 顔 | _MATCH_CHECK | 10002006 | 0
16:55:03.812 | PreFilter : [PreFilter_@Custom.txt:1951] | 気 | _MATCH_CHECK | 10002006 | 0
16:55:03.828 | PreFilter : [PreFilter_@Custom.txt:1952] | 表情 | _MATCH_CHECK | 10002006 | 0
16:55:03.843 | PreFilter : [PreFilter_@Custom.txt:1967] | 声 | _MATCH_CHECK | 10002008 | 0
16:55:03.843 | PreFilter : [PreFilter_@Custom.txt:1973] | 心 | _MATCH_CHECK | 10002009 | 0
16:55:03.859 | PreFilter : [PreFilter_@Custom.txt:1974] | 言 | _MATCH_CHECK | 10002009 | 0
16:55:03.875 | PreFilter : [PreFilter_@Custom.txt:1975] | 声 | _MATCH_CHECK | 10002009 | 0
16:55:03.875 | PreFilter : [PreFilter_@Custom.txt:1976] | 表情 | _MATCH_CHECK | 10002009 | 0
16:55:03.890 | PreFilter : [PreFilter_@Custom.txt:1979] | 目 | _MATCH_CHECK | 10002010 | 0
16:55:03.906 | PreFilter : [PreFilter_@Custom.txt:1980] | 声 | _MATCH_CHECK | 10002010 | 0
16:55:03.906 | PreFilter : [PreFilter_@Custom.txt:1985] | 机 | _MATCH_CHECK | 10002011 | 0
16:55:03.921 | PreFilter : [PreFilter_@Custom.txt:1990] | 部屋 | _MATCH_CHECK | 10002011 | 0
16:55:03.937 | PreFilter : [PreFilter_@Custom.txt:1996] | 頭 | _MATCH_CHECK | 10002012 | 0
16:55:03.937 | PreFilter : [PreFilter_@Custom.txt:1998] | 考え | _MATCH_CHECK | 10002012 | 0
16:55:04.953 | PreFilter : [PreFilter_@Custom.txt:2007] | こと | _MATCH_CHECK | 10002013 | 0
16:55:04.968 | PreFilter : [PreFilter_@Custom.txt:2011] | 体 | _MATCH_CHECK | 10002014 | 0
16:55:04.968 | PreFilter : [PreFilter_@Custom.txt:2012] | 身 | _MATCH_CHECK | 10002014 | 0
16:55:04.984 | PreFilter : [PreFilter_@Custom.txt:2016] | 国 | _MATCH_CHECK | 10002015 | 0
16:55:04.000 | PreFilter : [PreFilter_@Custom.txt:2017] | 町 | _MATCH_CHECK | 10002015 | 0
16:55:04.000 | PreFilter : [PreFilter_@Custom.txt:2033] | ナイフ | _MATCH_CHECK | 10002016 | 0
16:55:04.015 | PreFilter : [PreFilter_@Custom.txt:2038] | ([^一-龥りみしきぎいびみ]|撃)振る(?=[わいうえおっ]) | $1〚휘두른다〛=う | 10002016 | 1
16:55:04.031 | PreFilter : [PreFilter_@Custom.txt:2039] | ([^一-龥りみしきぎいびみ]|撃)振(?=[らりるれろっ][^うか上下切解抜舞乱]) | $1〚휘두른다〛=る5$2 | 10002016 | 1
16:55:04.046 | PreFilter : [PreFilter_@Custom.txt:2061] | 魔法 | _MATCH_CHECK | 10002017 | 0
16:55:04.062 | PreFilter : [PreFilter_@Custom.txt:2070] | 会 | _MATCH_CHECK | 10002018 | 0
16:55:04.078 | PreFilter : [PreFilter_@Custom.txt:2082] | 体 | _MATCH_CHECK | 10002019 | 0
16:55:04.078 | PreFilter : [PreFilter_@Custom.txt:2083] | 身 | _MATCH_CHECK | 10002019 | 0
16:55:04.093 | PreFilter : [PreFilter_@Custom.txt:2087] | 山 | _MATCH_CHECK | 10002020 | 0
16:55:04.109 | PreFilter : [PreFilter_@Custom.txt:1680] | ねぇ | _MATCH_CHECK | 11000205 | 0
16:55:04.109 | PreFilter : [PreFilter_@Hdor_C.txt:142] | ２ | 2 | 11100150 | 0
16:55:04.125 | PreFilter : [PreFilter_@Hdor.txt:67] | ・ | ・ | 11110100 | 0
16:55:04.140 | PreFilter : [PreFilter_@Hdor.txt:84] | : | ： | 11110100 | 0
16:55:04.140 | PreFilter : [PreFilter_@Hdor.txt:86] | ( | （ | 11110100 | 0
16:55:04.156 | PreFilter : [PreFilter_@Hdor.txt:87] | ) | ） | 11110100 | 0
16:55:04.171 | PreFilter : [PreFilter_@Hdor.txt:91] | 々 | 业 | 11110100 | 0
16:55:04.187 | PreFilter : [PreFilter_@Hdor.txt:98] | @： | 名: | 11110100 | 0
16:55:04.187 | PreFilter : [PreFilter_@Hdor.txt:99] | #M(?![A-z]) | 梦名 | 11110100 | 1
16:55:04.203 | PreFilter : [PreFilter_@Hdor.txt:102] | 〛[ぁ-龥]{0,9}\= | $0̺ | 11110100 | 1
16:55:04.703 | PreFilter : [PreFilter_@Hdor.txt:103] | [ぁ-龥](?=[ぁ-龥]{1,8}\=̺) | $0̺ | 11110100 | 1
16:55:04.718 | PreFilter : [PreFilter_@Hdor.txt:123] | 「 | Ⓐ | 11410100 | 0
16:55:04.734 | PreFilter : [PreFilter_@Hdor.txt:127] | （ | Ⓔ | 11410100 | 0
16:55:04.734 | PreFilter : [PreFilter_@Hdor.txt:138] | 。 | Ⓝ | 11410100 | 0
16:55:04.750 | PreFilter : [PreFilter_@Hdor.txt:139] | ？ | Ⓞ | 11410100 | 0
16:55:04.765 | PreFilter : [PreFilter_@Hdor.txt:140] | ！ | Ⓟ | 11410100 | 0
16:55:04.781 | PreFilter : [PreFilter_@Hdor.txt:141] | 、 | Ⓠ | 11410100 | 0
16:55:04.781 | PreFilter : [PreFilter_@Hdor.txt:142] | … | Ⓡ | 11410100 | 0
16:55:04.796 | PreFilter : [PreFilter_@Hdor.txt:148] | ） | Ⓥ | 11410100 | 0
16:55:04.812 | PreFilter : [PreFilter_@Hdor.txt:152] | 」 | Ⓩ | 11410100 | 0
16:55:04.828 | PreFilter : [PreFilter_@Custom.txt:107] | もなく(?=[^Ⓖ-Ⓩっのさしすせてば]) | もなく## | 11410102 | 1
16:55:04.843 | PreFilter : [PreFilter_@Custom.txt:2378] | 始め | _MATCH_CHECK | 11410501 | 0
16:55:04.859 | PreFilter : [PreFilter_@Hdor.txt:167] | ([ぁ-龥0-9Ⓐ-Ⓢ])[  　]+(?=[ぁ-龥・Ⓐ-Ⓩ]|$) | $1 | 11510099 | 1
16:55:04.875 | PreFilter : [PreFilter_@Hdor.txt:179] | [ぁ-龥]ー*(?=[\rⒶ-Ⓔ]|$) | $0Ⓝ⌒ | 11510100 | 1
16:55:04.906 | PreFilter : [PreFilter_@Hdor.txt:239] | [ァ-ヶ][ァ-ヶー～]* | ʞ$0ҡ | 11710100 | 1
16:55:04.921 | PreFilter : [PreFilter_@Hdor.txt:240] | [ぁ-ん](?=[A-z]) | $0ʞ | 11710100 | 1
16:55:04.953 | PreFilter : [PreFilter_@Hdor.txt:667] | (?:[一-龥][ぁ-ん]?)(?=[いきぎしじちびみりえけげせぜねべめれ][出だ](?:[さすせそ]|し[そたてなま始ⓆⓇ])) | ▂$0 | 12310300 | 1
16:55:05.968 | PreFilter : [PreFilter_@Hdor.txt:725] | ▂ | _MATCH_CHECK | 12310310 | 0
16:55:05.984 | PreFilter : [PreFilter_@Hdor.txt:729] | ▂ |  | 12310310 | 0
16:55:05.984 | PreFilter : [PreFilter_@Hdor.txt:805] | く[だら](?:さ|ちゃ)[いぃひ]+|(?:下|くだ)(?:せぇ|さり(?=ませ)) | 下さい | 12400100 | 1
16:55:05.015 | PreFilter : [PreFilter_@Hdor.txt:932] | である | _MATCH_CHECK | 12410200 | 0
16:55:05.015 | PreFilter : [PreFilter_@Hdor.txt:960] | 無(?<=(?:[^一-龥かばも]|[訳気]).)(?=[いぃく]|かった|けれ]) | な | 12410200 | 1
16:55:05.046 | PreFilter : [PreFilter_@Hdor.txt:1071] | ね(?<=(?:.[うするただよ]|[一-龥ҡいした]い).) | ▂ね | 13210110 | 1
16:55:05.062 | PreFilter : [PreFilter_@Hdor.txt:1085] | ▂ |  | 13210110 | 0
16:55:05.093 | PreFilter : [PreFilter_@Custom.txt:718] | まで(?<!ま.{2})(?![Ⓖ-Ⓩ]|[がとだでなにのはへもをす]|こそ|さえ|しか|じゃ|って|ね[^ば]|ばかり|ばっか|しょ|ほど|[程的][^一-龥]|よ[^う]|した|たって|ある|あった|いなさい) | までⓂ | 14210200 | 1
16:55:05.140 | PreFilter : [PreFilter_@Hdor.txt:2003] | ([Ⓐ-Ⓠ]Ⓡ*)ね[えぇー]?(?=[一-龥ʞⒼ-Ⓩ]) | $1저기Ⓚ | 14210200 | 1
16:55:05.156 | PreFilter : [PreFilter_@Hdor.txt:2081] | [Ⓐ-Ⓢ](?=んだよ|あの[おぉっーⒼ-Ⓩ]|あ[あ～]*ら|いえ[ー～]+い|[えぇ]{1,2}[っー～]*と|[えぇ]っ?へー?ん|お[うぅ]よ|お[おぉ]*っ[しと]|さ[あぁーⓆ]|そ[うぅぉー]+そ[うぅぉー]+|そうだ?とも) | $0▂ | 14210200 | 1
16:55:05.203 | PreFilter : [PreFilter_@Hdor.txt:2085] | ▂あ[あ～]*ら(?=ー?[Ⓖ-Ⓩ]|いいの|そう|でも) | 아라Ⓚ | 14210200 | 1
16:55:05.218 | PreFilter : [PreFilter_@Hdor.txt:2087] | ▂[えぇ][っー～]*と[ぉっ]*(?=ー?[一-龥ʞⒼ-Ⓩ]|しかし|つまり|なん[だてで]|まず|もし) | 엣또Ⓚ | 14210200 | 1
16:55:05.250 | PreFilter : [PreFilter_@Hdor.txt:2759] | 妹(?<![一-龥].)(?=[ぁ-ん]{1,2}[一-龥]|がʞイҡ)(?![さた][まん]) | $0梦彼 | 15210100 | 1
16:55:05.265 | PreFilter : [PreFilter_@Hdor.txt:2788] | [おご御](?:嬢|じょ[うぅー～]+)(?:さ[まん]|[しち]ゃ[まん]|様) | お嬢さん | 15210100 | 1
16:55:05.296 | PreFilter : [PreFilter_@Hdor.txt:2854] | 主(?<=[の城塔].)(?!Ⓡ*[一-龥]|な[^のん]) | 主梦彼 | 15210100 | 1
16:55:05.312 | PreFilter : [PreFilter_@Hdor.txt:2855] | の主梦彼 | の主人 | 15210100 | 0
16:55:05.328 | PreFilter : [PreFilter_@Hdor.txt:2973] | [あぁわゎ]たく?し|ʞ(?:[アワ]タク?シ|オレ|ボー?ク|ワシ)ー?ҡ | わたし | 15210100 | 1
16:55:05.359 | PreFilter : [PreFilter_@Hdor.txt:2983] | わたし(?=[達様等的超]|[^一-龥])(?!た[^ち]|て|な[がさ]|ま[しす]) | 私 | 15210100 | 1
16:55:05.375 | PreFilter : [PreFilter_@Hdor.txt:2995] | あなた|先生(?![いかきくけこ]) | $0记彼 | 15210100 | 1
16:55:05.406 | PreFilter : [PreFilter_@Hdor.txt:3103] | (?:[私彼女子兄男様達]|お前|さ[まん]|たち)(?=[はも]ある|が(?:出来|一番[分わ]か|取り込|[分わ]から)|ただ|だなんて|と(?:い[たてるま]|きっと)|に(?:[応甘答知任聞託諦謝][ぁ-ん]|思う所|そう[一-龥]|できる|なら[しす])|の(?:[良い]い|背に|出来る|できる|年で|元[かを]|方)|は抱えら|[寄よ]り) | $0▂ | 15240100 | 1
16:55:05.484 | PreFilter : [PreFilter_@Hdor.txt:3112] | ▂ただ | Ⓜただ | 15240100 | 0
16:55:05.500 | PreFilter : [PreFilter_@Hdor.txt:3279] | あと | _MATCH_CHECK | 15320100 | 0
16:55:05.515 | PreFilter : [PreFilter_@Hdor.txt:3609] | のこと(?<![Ⓝ-Ⓟ].{3})(?<!のこ.{3})(?=[ʞかがだでとにはもよを]|しか|じゃ|ながら|な[のん]|ばっ?かり|まで|[ねっ]*[Ⓖ-Ⓩ]|[さや][一-龥ʞⒼ-Ⓩ]) | の事 | 15320100 | 1
16:55:05.562 | PreFilter : [PreFilter_@Hdor.txt:4014] | とき(?<=(?:[あう]いう|だけの|だった|めての|.んな).{2})(?=[一-龥ʞⒼ-Ⓩ]|[かがだでとなにねのはもよを]|こそ|さえ|しか|じゃ|って|ばかり|ばっか|まで) | 時 | 15320100 | 1
16:55:05.593 | PreFilter : [PreFilter_@Hdor.txt:4035] | 年 | _MATCH_CHECK | 15320100 | 0
16:55:05.593 | PreFilter : [PreFilter_@Hdor.txt:4292] | 頬(?<![一-龥].)(?=赤[らいくかけ]|同士|[^一-龥ず])(?!かぶり) | 頬梦名 | 15320100 | 1
16:55:05.625 | PreFilter : [PreFilter_@Hdor.txt:4327] | 前(?<=(?:.[胸理園口所扉ҡこそ]の|たちの|ビルҡ).)(?=[かがだでのにはまもへをⒼ-Ⓩ]|停留|を見や) | $0梦名 | 15320100 | 1
16:55:05.656 | PreFilter : [PreFilter_@Hdor.txt:4625] | [何幾0-9一二三四五六七八九十百千](?=(?:[年周日分本度杯枚口回撃発点限人代歩合件戦射手科段匹体]|時[間限]|ʞスレҡ)目|(?:[色限位件]|[千萬万]石)(?:[^一-龥]|以[上下])|文字|名様|人[組前]|代前|箇所|階級|世紀|連撃|割と|回り|ʞターンҡ目) | $0戰 | 15410200 | 1
16:55:05.765 | PreFilter : [PreFilter_@Hdor.txt:4697] | 度 | _MATCH_CHECK | 15420500 | 0
16:55:05.781 | PreFilter : [PreFilter_@Hdor.txt:5202] | 借り | _MATCH_CHECK | 16110100 | 0
16:55:05.781 | PreFilter : [PreFilter_@Hdor.txt:5302] | 気に召(?<![一-龥].{3})(?=[さしすせそ]) | 〚마음에 드시다〛=す | 16110100 | 1
16:55:05.812 | PreFilter : [PreFilter_@Hdor.txt:6131] | 物心(?:([がはも])|の)?[付着つ](?=[かきくけこ]|い[たてち]) | 〚철梦名$1 들다〛=く | 16110100 | 1
16:55:05.843 | PreFilter : [PreFilter_@Hdor.txt:6216] | (?=(?:格好|かっこ|ʞカッコҡ)を?[付つ]け|(?:御免|ごめん)を?被|夜.?[更ふ]け|気[がのは][済す]) | ▂ | 16120100 | 1
16:55:05.890 | PreFilter : [PreFilter_@Hdor.txt:6222] | ▂ |  | 16120100 | 0
16:55:05.906 | PreFilter : [PreFilter_@Hdor.txt:6292] | (?:[一-龥ҡ]|さ[んま]|たち|だれか?|誰か?)に[はも]?[Ⓡ]*(?!そう)(?:[一-龥ぁ-わんー]{1,6}を|ʞ[ァ-ヶー]{1,6}ҡを)? | $0➷ | 16220110 | 1
16:55:05.937 | PreFilter : [PreFilter_@Hdor.txt:6331] | ➷ |  | 16220110 | 0
16:55:05.953 | PreFilter : [PreFilter_@Hdor.txt:6417] | [当あ]たり散ら(?=[さしすせそ]) | 〚역정을 낸다〛=す | 16330100 | 1
16:55:06.968 | PreFilter : [PreFilter_@Hdor.txt:9264] | まくし[た立]て | 〚지껄여댄다〛=る1 | 16330100 | 1
16:55:06.000 | PreFilter : [PreFilter_@Custom.txt:2417] | ぼんやりと | ぼんやりと▂3 | 16410100 | 0
16:55:06.000 | PreFilter : [PreFilter_@Custom.txt:2419] | ぼんやり | ぼんやり▂1 | 16410100 | 0
16:55:06.015 | PreFilter : [PreFilter_@Custom.txt:2436] | 借り | 借り▂1 | 16410100 | 0
16:55:06.031 | PreFilter : [PreFilter_@Custom.txt:2468] | の話 | の話▂1 | 16410100 | 0
16:55:06.046 | PreFilter : [PreFilter_@Custom.txt:2471] | までⓂ | までⓂ▂1 | 16410100 | 0
16:55:06.062 | PreFilter : [PreFilter_@Custom.txt:2474] | 溺愛 | 溺愛▂1 | 16410100 | 0
16:55:06.093 | PreFilter : [PreFilter_@Custom.txt:2480] | 眠(?<![一-龥].) | 眠▂1 | 16410100 | 1
16:55:06.109 | PreFilter : [PreFilter_@Hdor.txt:9747] | 蔑ろに | 蔑ろに▂1 | 16410100 | 0
16:55:06.125 | PreFilter : [PreFilter_@Hdor.txt:9780] | びっくり | びっくり▂1 | 16410100 | 0
16:55:06.140 | PreFilter : [PreFilter_@Hdor.txt:9821] | [^一-龥](?:[擬貶罰与恋祝暇唾黙律屯]|御(?=[さしすで出])|公(?=に)) | $0▂1 | 16410100 | 1
16:55:06.171 | PreFilter : [PreFilter_@Hdor.txt:9875] | ▂1(?=しやが[っる]|す[るれ]|さ[せれ]|した[^て]|し[てろよⓆ]|し(?:[難易]|がた|やす)[いくかけ]|しきれ|し[す過]ぎ|しそう|しちゃ|しな[いくかけがさ]|し(?:始|はじ)め|しま[くしすせ]|せ[ずよ]|出来|でき) | 戰戰 | 16410110 | 1
16:55:06.218 | PreFilter : [PreFilter_@Hdor.txt:9877] | ▂3(?=しやが[っる]|す[るれ]|さ[せれ]|した[^て]|し[てろよⓆ]|し(?:[難易]|がた|やす)[いくかけ]|しきれ|し[す過]ぎ|しそう|しちゃ|しな[いくかけがさ]|し(?:始|はじ)め|しま[くしすせ]|せ[ずよ]|出来|でき|なさ?[っら-ろ]) | 戰戰 | 16410110 | 1
16:55:06.250 | PreFilter : [PreFilter_@Hdor.txt:9878] | ▂[123] |  | 16410110 | 1
16:55:06.265 | PreFilter : [PreFilter_@Hdor.txt:9880] | 戰戰 | _MATCH_CHECK | 16410110 | 0
16:55:06.281 | PreFilter : [PreFilter_@Hdor.txt:9892] | [ぁ-ん]{1,2}戰戰 | ̺$0 | 16410110 | 1
16:55:06.296 | PreFilter : [PreFilter_@Custom.txt:1523] | 始め | 始め▂∨ | 16420000 | 0
16:55:06.312 | PreFilter : [PreFilter_@Custom.txt:1573] | 顔を見せ | 顔を見せ▂∨ | 16420000 | 0
16:55:06.312 | PreFilter : [PreFilter_@Custom.txt:1589] | 本(?<![手日].)(?![当能]) | 本▂∨ | 16420000 | 1
16:55:06.343 | PreFilter : [PreFilter_@Custom.txt:1591] | 素(?<=[がとだでなにのはへもをⒶ-Ⓢ].) | 素▂∨ | 16420000 | 1
16:55:06.359 | PreFilter : [PreFilter_@Custom.txt:1597] | ちなみに | ちなみに▂∨ | 16420000 | 0
16:55:06.359 | PreFilter : [PreFilter_@Custom.txt:1601] | 願い([Ⓖ-Ⓩ]) | 願い$1▂∨ | 16420000 | 1
16:55:06.390 | PreFilter : [PreFilter_@Custom.txt:1641] | 鈴(?<![一-龥Ⓐ-Ⓩ].) | 鈴▂∨ | 16420000 | 1
16:55:06.406 | PreFilter : [PreFilter_@Custom.txt:1493] | ▂∨(?=$|[ⒺⒼ-ⒾⓃ-ⓅⓋ-Ⓧ・&＆がとだでなにのはへもを]|か[^かけ]|こそ|さえ|しか|じゃ|って|ね[^ば]|ばかり|ばっか|ほど|[程的][^一-龥]|よ[^う])(?!とうございま|もの|ながら) | ▂∮$1 | 16420010 | 1
16:55:06.437 | PreFilter : [PreFilter_@Custom.txt:1524] | 始め▂∮ | 初め | 16420010 | 0
16:55:06.453 | PreFilter : [PreFilter_@Custom.txt:1574] | 顔を見せ▂∮ | 顔見せ | 16420010 | 0
16:55:06.468 | PreFilter : [PreFilter_@Custom.txt:1590] | 本▂∮ | 本§本 | 16420010 | 0
16:55:06.484 | PreFilter : [PreFilter_@Custom.txt:1642] | 鈴▂∮ |  @0 1#滴 | 16420010 | 0
16:55:06.500 | PreFilter : [PreFilter_@Custom.txt:1666] | ▂∨ |  | 16420010 | 0
16:55:06.515 | PreFilter : [PreFilter_@Hdor.txt:10994] | 収ま(?<=[くがは].{2})(?=[ら-ろ]|っ[たてち]) | 〚수습된다〛収ま=る5 | 16430100 | 1
16:55:06.531 | PreFilter : [PreFilter_@Hdor.txt:11099] | 下り(?<=[幕荷可名令示][がはもを].{2})(?=[ⓆⓇるろたて]|ち[まゃ]|そう|な[いくかけがさ]|ま[しすせ]|させ|られ|れば|よう) | 〚내린다〛=る1 | 16430100 | 1
16:55:06.562 | PreFilter : [PreFilter_@Hdor.txt:12114] | 差し出し | 〚M:提出〛差し出=し | 16430100 | 0
16:55:06.593 | PreFilter : [PreFilter_@Hdor.txt:12349] | しれ(?<=[Ⓐ-Ⓢも].{2})(?=な[いくかけ]|[ぬん]|ね[えぇ]) | 知ら | 16430100 | 1
16:55:06.609 | PreFilter : [PreFilter_@Hdor.txt:13085] | 出かけ | _MATCH_CHECK | 16430100 | 0
16:55:06.625 | PreFilter : [PreFilter_@Hdor.txt:13087] | 出かけ(?!に) | 〚M:外出〛出かけ=る1 | 16430100 | 1
16:55:06.640 | PreFilter : [PreFilter_@Hdor.txt:14074] | 縁取(?=[ら-ろ]|っ[たてち]) | 〚가장자리를 장식한다〛縁取=る5 | 16430100 | 1
16:55:06.671 | PreFilter : [PreFilter_@Hdor.txt:14142] | ぶたれ(?=[ⓆⓇるろたて]|ち[まゃ]|そう|な[いくかけがさ]|ま[しすせ]|させ|られ|れば|よう) | 〚얻어맞는다〛=る1 | 16430100 | 1
16:55:06.687 | PreFilter : [PreFilter_@Hdor.txt:14614] | 周(?=ら|[り-ろ]|っ[たち]) | 〚D:回〛周=る5 | 16430100 | 1
16:55:06.703 | PreFilter : [PreFilter_@Hdor.txt:14657] | 目論(?=[ま-め]|もう|ん[だでじ]) | 〚계획한다〛目論=む | 16430100 | 1
16:55:06.718 | PreFilter : [PreFilter_@Hdor.txt:14728] | 物言い | 〚M:口跡〛物言=い | 16430100 | 0
16:55:06.734 | PreFilter : [PreFilter_@Hdor.txt:14749] | もら(?<=(?:.[てでにの]|さえ|しか).{2})(?=[わいうえお]|っ[たてち]) | 貰 | 16430100 | 1
16:55:06.750 | PreFilter : [PreFilter_@Hdor.txt:14891] | 夢見(?<![一-龥].{2})(?![一-龥]) | 〚M:名:꿈자리梦名〛夢見=る1 | 16430100 | 1
16:55:06.765 | PreFilter : [PreFilter_@Hdor.txt:15154] | ̺ |  | 16490100 | 0
16:55:06.781 | PreFilter : [PreFilter_@Hdor.txt:15155] | 〚M： | 〚M: | 16490100 | 0
16:55:06.796 | PreFilter : [PreFilter_@Hdor.txt:15162] | =る1 | =ゐ1 | 16490110 | 0
16:55:06.812 | PreFilter : [PreFilter_@Hdor.txt:15163] | =る5 | =る | 16490110 | 0
16:55:06.812 | PreFilter : [PreFilter_@Hdor.txt:15164] | =り | =るり | 16490110 | 0
16:55:06.828 | PreFilter : [PreFilter_@Hdor.txt:15165] | =い | =うい | 16490110 | 0
16:55:06.843 | PreFilter : [PreFilter_@Hdor.txt:15168] | =し | =すし | 16490110 | 0
16:55:06.843 | PreFilter : [PreFilter_@Hdor.txt:15175] | =ゐ1(?=[るれろたて]|られ|ち[まゃ]|させ|な[過いくかけ]|ね[えぇェー]|よ[うー]|よっか|ざるを|ず[一-龥ʞⒼ-Ⓩ]) | Đゐ1 | 16490110 | 1
16:55:06.875 | PreFilter : [PreFilter_@Hdor.txt:15178] | =る(?=[らるれろ]|っ[たてち]) | Đる | 16490110 | 1
16:55:06.875 | PreFilter : [PreFilter_@Hdor.txt:15179] | =う(?=[わうえお]|っ[たてち]) | Đう | 16490110 | 1
16:55:06.890 | PreFilter : [PreFilter_@Hdor.txt:15180] | =く(?=[かくけこ]|い[たてち]) | Đく | 16490110 | 1
16:55:06.906 | PreFilter : [PreFilter_@Hdor.txt:15182] | =す(?=[さすせそ]|し[たてち]) | Đす | 16490110 | 1
16:55:06.921 | PreFilter : [PreFilter_@Hdor.txt:15202] | =(.[1りいきぎしちびみ]Ⓡ*)(?=$|[ⒺⒼ-ⒾⓃ-ⓅⓋ-Ⓧ・&＆がとだでなにのはへもを]|か[^かけ]|こそ|さえ|しか|じゃ|って|ね[^ば]|ばかり|ばっか|ほど|[程的][^一-龥]|よ[^う])(?!とうございま|もの) | ɱ$1 | 16490110 | 1
16:55:07.953 | PreFilter : [PreFilter_@Hdor.txt:15203] | =(.[1りいきぎしちびみ]Ⓡ*)(?=ありま[すしせ]|あり[Ⓖ-Ⓩ]|す[るれ]|され|し(?:[Ⓠたてなろよ]|[過す]ぎ|まく[っら-ろ]|ま[しすせ])|出来|まで|みた[いくかけ]|らし|や[^が]|梦名|作業|検定|協会) | ɱ$1 | 16490110 | 1
16:55:07.000 | PreFilter : [PreFilter_@Hdor.txt:15214] | 〚M:([^〛]+?)〛[ぁ-龥ーʞҡ]+?(?:ɱ[ゐるうくぐすつぶむ].|\=[ゐるうくぐすつぶむ].(?= ?[ʞ0-z]|[一-龥]{2})|Đ..(?=だしⓇ*Ⓠ)) | $1 | 16490110 | 1
16:55:07.015 | PreFilter : [PreFilter_@Hdor.txt:15217] | 〚[DM]:[^〛]+?〛([ぁ-龥ーʞҡ]+?)[Đɱ=](?:ゐ1|[るうくぐすつぶむ]) | $1 | 16490110 | 1
16:55:07.031 | PreFilter : [PreFilter_@Hdor.txt:15221] | 〚([^〛]+?)다〛[ぁ-龥ーʞҡ]*?ɱ[ゐるうくぐすつぶむ]. | 動:$1∬梦名 | 16490110 | 1
16:55:07.046 | PreFilter : [PreFilter_@Hdor.txt:15223] | 〚([^〛]+?)다(?:〛|_[^〛]+?〛)[ぁ-龥ーʞҡ]*?Đ | 動:$1∬ | 16490110 | 1
16:55:07.062 | PreFilter : [PreFilter_@Hdor.txt:15225] | 〚[^〛]+?〛([ぁ-龥ーʞҡ]+?)=(?:ゐ1(?!かけ)|[るうくぐすつぶむ](?!下)) | $1 | 16490110 | 1
16:55:07.078 | PreFilter : [PreFilter_@Hdor.txt:15228] | 〚([^〛]+?)다(?:〛(?!ｨ)|_[^〛]+?〛).*?= | 動:$1∬ | 16490110 | 1
16:55:07.093 | PreFilter : [PreFilter_@Hdor.txt:15230] | ∬ゐ1 | ∬。占め | 16490110 | 0
16:55:07.109 | PreFilter : [PreFilter_@Hdor.txt:15231] | ∬る | ∬。遮 | 16490110 | 0
16:55:07.125 | PreFilter : [PreFilter_@Hdor.txt:15232] | ∬う | ∬。歌 | 16490110 | 0
16:55:07.140 | PreFilter : [PreFilter_@Hdor.txt:15233] | ∬く | ∬。働 | 16490110 | 0
16:55:07.140 | PreFilter : [PreFilter_@Hdor.txt:15235] | ∬す | ∬。耕 | 16490110 | 0
16:55:07.156 | PreFilter : [PreFilter_@Hdor.txt:15309] | て(?<=([当慌企捨育立果隔建]).)(?!きめん) | $1れ | 16499100 | 1
16:55:07.171 | PreFilter : [PreFilter_@Hdor.txt:15341] | え(?<=(?:聞こ|捕ま|長ら|そろ).)|け(?<=(?:とぼ|ふざ|よろ|.[かつづ]).)|げ(?<=[平和荒]ら.)|め(?<=(?:赤ら|苦し|なだ).)|れ(?<=(?:.かぶ|くたび|しわが|.焦が|.やつ).) | 罒$0 | 16499200 | 1
16:55:07.218 | PreFilter : [PreFilter_@Hdor.txt:15342] | 合わせ | 合わ罒せ | 16499200 | 0
16:55:07.234 | PreFilter : [PreFilter_@Hdor.txt:15349] | (?:か(?<=[預掛分漬受授助か].)|[ぶ見]つか|いぶか|[^ど]ちらか)(?=ら[ずせなぬねれん]|[り-ろ]|っ[たてち]|んな|んね[えぇェー]|んʞネ[ェー]+ҡ) | $0头 | 16499300 | 1
16:55:07.265 | PreFilter : [PreFilter_@Hdor.txt:15351] | (?:が(?<=[上転下曲繋広塞興嫌痛あした].)|可愛が|ふさが)(?=ら[ずせなぬねれん]|[り-ろ]|っ[たてち]) | $0头 | 16499300 | 1
16:55:07.281 | PreFilter : [PreFilter_@Hdor.txt:15353] | た(?<=[当隔].)(?=ら[ずせなぬねれん]|[り-ろ]|っ[たてち]|んな|んね[えぇェー]|んʞネ[ェー]+ҡ) | $0头 | 16499300 | 1
16:55:07.296 | PreFilter : [PreFilter_@Hdor.txt:15361] | ま(?<=[集埋固閉捕止泊始広捉決鎭縮暖改収治修畏定鎭締狭染高溜勤詰強留休静早堪].)(?=ら[ずせなぬねれん]|[り-ろ]|っ[たてち]|んな|んね[えぇェー]|んʞネ[ェー]+ҡ) | $0头 | 16499300 | 1
16:55:07.343 | PreFilter : [PreFilter_@Hdor.txt:15363] | (?:わ(?<=[終変替換代賜加備携伝交関ま].)|横たわ)(?=ら[ずせなぬねれん]|[り-ろ]|っ[たてち]|んな|んね[えぇェー]|んʞネ[ェー]+ҡ) | $0头 | 16499300 | 1
16:55:07.375 | PreFilter : [PreFilter_@Hdor.txt:15366] | (?=ら[ずせなぬねれん]|[り-ろ]|っ[たてち])(?<=.たぎ|.[くま]く|.起こ|.おご|.[増下]さ|合わさ|くださ(?!れ)|.交[ざじ]|.混じ|.そそ|かたど|.重な|.へば|くたば|こわば|見くび|.積も|.つむ|っしゃ) | 头 | 16499300 | 1
16:55:07.421 | PreFilter : [PreFilter_@Hdor.txt:15370] | (?=[わいうえお]|っ[たてち])(?<=.向か|からか|.まと|.損な|かくま|.[逆計も]ら|.振る|.[味賑]わ) | 头 | 16499300 | 1
16:55:07.437 | PreFilter : [PreFilter_@Hdor.txt:15390] | (?:ま(?<=[澄冷覚済富悩習飲励].)|くらま|ら(?<=[鳴枯慣暮凝散照尖馴濡晴降紛漏揺減荒].)|ʞバラҡ)(?=[さしすせそ]) | $0头 | 16499300 | 1
16:55:07.468 | PreFilter : [PreFilter_@Hdor.txt:15395] | (?=[さしすせそ])(?<=[逃剥転]が|[亡無]く|[起寄]こ|過ご|閉ざ|[満果充]た|落と|[飛伸延遊]ば|[及滅]ぼ|[降下]ろ) | 头 | 16499300 | 1
16:55:07.484 | PreFilter : [PreFilter_@Hdor.txt:15396] | (?:や(?<=[冷燃費生増は].)|わ(?<=[著表遣賑惑迷言交ま].))(?=[さしすせそ]) | $0头 | 16499300 | 1
16:55:07.515 | PreFilter : [PreFilter_@Hdor.txt:15406] | (?=[ま-も]|ん[だでじ])(?<=つか|ゃが|[涙つ]ぐ|[親楽怪慈惜悲苦勤]し|ぬす|よど|くぼ|[膨に]ら|[憐哀]れ|悔や|汗ば) | 头 | 16499300 | 1
16:55:07.531 | PreFilter : [PreFilter_@Hdor.txt:15582] | [寝経出得見干煮似来射居着診いきぎしじちびみりえけげせぜねべめれ](?=あわ|が[たち]|[切き]れ|させば|[過す]ぎ|ずじ|そう[だな]|たい[盛ん]|た[がくげまも]|っ放|[貸逃賜給様]|な(?:お|いで|く[さは]|けれ)|に[通く]|始め|はじめ|ま[いす]|まく头?り|まし[たゅ]|ませぬ|ません★?で|られば|やが|よう|よ?がし|よ[っー～]+か) | $0Ғ | 16610100 | 1
16:55:07.609 | PreFilter : [PreFilter_@Hdor.txt:15760] | Ғ |  | 16610150 | 0
16:55:07.625 | PreFilter : [PreFilter_@Hdor.txt:15844] | [てたる](?<=[寝経出得見干煮似来射居着診いきぎじちびみりえけげせぜねべめれ].) | Ғ$0 | 16620100 | 1
16:55:07.640 | PreFilter : [PreFilter_@Hdor.txt:15848] | [一-龥](?=[るうつぶむ][^罒头]|す[^るれ罒头])|(?=る(?<=[あおかくすなや].))|い(?<=[Ⓐ-Ⓢかてとにはも].)(?=う)|[てでに][いおゆ](?=く)|につ(?=く[^さしすせそ])|にも?よ(?=る) | $0Ғ | 16620100 | 1
16:55:07.671 | PreFilter : [PreFilter_@Hdor.txt:15850] | しまう | しまҒう | 16620100 | 0
16:55:07.671 | PreFilter : [PreFilter_@Hdor.txt:15856] | (?=く|い[てた])(?<=[づ头明欺暴歩行頂浮動嘯頷呻描置驚戦喚赴輝書欠傾乾利聞築付砕説咲裂囁敷退空透弾響開吹拭沸湧扱附磨導向剥焼瞬塞咳背炊焚抱叩着就突続呟躓貫解届轟泣鳴嘆靡除覗吐穿掃弾働省引噴巻蒔招]) | #Ғ | 16620100 | 1
16:55:07.765 | PreFilter : [PreFilter_@Hdor.txt:15860] | #Ғ | Ғ | 16620100 | 0
16:55:07.765 | PreFilter : [PreFilter_@Hdor.txt:15862] | っ(?<=[一-龥あいうえおか-たちぢつづと-もやゆよら-ろわ].)(?=[てた])|ん(?<=[一-龥].)(?=[でだ])|おい(?=でた)|し(?<![でま].)(?=[てた]) | $0Ғ | 16620100 | 1
16:55:07.796 | PreFilter : [PreFilter_@Hdor.txt:15865] | Ғつ(?<=[一二三四五六七八九幾肌].{2})|Ғつ(?=[罒头]) | つ | 16620100 | 1
16:55:07.812 | PreFilter : [PreFilter_@Custom.txt:2228] | (だ|です)もの(?=[Ⓖ-Ⓩ]) | $1p9&Ca: | 16620201 | 1
16:55:07.828 | 토글 변수 U1_MONO_의 상태가 ON으로 변경.
16:55:07.843 | PreFilter : [PreFilter_@Custom.txt:2203] | っҒて | _MATCH_CHECK | 16620250 | 0
16:55:07.859 | PreFilter : [PreFilter_@Custom.txt:2204] | って | _MATCH_CHECK | 16620250 | 0
16:55:07.875 | PreFilter : [PreFilter_@Hdor.txt:15878] | Ғ[てで](?=ては|たくな[いくかけ]|ない[^で]|なけ|なく[^な]|なかっ|ながら|ます|ました|ません|らしҒ?た|らっしゃ|られ|れば)(?!ますҒ?る) | $0い | 16630100 | 1
16:55:07.921 | PreFilter : [PreFilter_@Hdor.txt:15929] | Ғ[てで](?:っ(?=た)|(?=[たる]))(?!たくさん|たもれ) | $0Ғ | 16630100 | 1
16:55:07.937 | PreFilter : [PreFilter_@Hdor.txt:15952] | (Ғ[ただ]|だった)(?:の(?=じゃ|だ[^け]|であҒ?る|で[すし])|ん(?=じゃ|だ[^け]|で)(?!だい|だって[^ば])) | $1もの | 16630100 | 1
16:55:08.953 | PreFilter : [PreFilter_@Hdor.txt:16021] | (Ғ[ただるうくぐすつぬぶむ]|だった)(?:の(?=から|だけれ?ど[^も]|でございま|でしょ[^う]|でなければ|ねぇ?[Ⓖ-Ⓩ]|も[こそ]う|より)|[のん](?=だったわ|だよな)|(?=が[良よい]い|に[決困越違][Ғぁ-ん]|にすҒ?[るれ]|にしҒ?[そたてなまろよ]|もののみ)) | $1もの | 16630100 | 1
16:55:08.000 | PreFilter : [PreFilter_@Hdor.txt:16293] | Ғ([ただるうくぐすつぬぶむ])こと(?=こそ|で気が|に(?:なҒ?[っら-ろ]|[一-龥ʞⒼ-Ⓩ])|はな[いくかけ]) | $1事 | 16640100 | 1
16:55:08.015 | PreFilter : [PreFilter_@Hdor.txt:16415] | Ғ([ただるうくぐすつぬぶむ])そう(?=[かだでねよⒼ-Ⓩ]|じゃ|なん) | $1みたい | 16640100 | 1
16:55:08.031 | PreFilter : [PreFilter_@Hdor.txt:16511] | (Ғ[ただるうくぐすつぬぶむ]|だった)(?<![てで]いっ.{2})(?:も?の|ん)(?=かしら|だろ)(?!だろう?[ⓅⓇ]*Ⓞ) | $1 | 16640100 | 1
16:55:08.046 | PreFilter : [PreFilter_@Hdor.txt:16576] | Ғ([てで]は)(?=お?[一-龥ʞ]|[あこそど][っのれん]|いか[なん]|いけ[なま]|いや|かなわ|だめ|ちょっと|でき|と[ⓆⓇ]|どう|[おな]ら[なん]|な[にん]|なりません|ま[ずた])(?![見]) | $1ⓆⓂ | 16640100 | 1
16:55:08.078 | PreFilter : [PreFilter_@Hdor.txt:16578] | Ғ([てで]は)(?=[Ⓖ-Ⓩ])(?!ⓆⓂ) | $1ⓆⓁ | 16640100 | 1
16:55:08.093 | PreFilter : [PreFilter_@Hdor.txt:16868] | Ғ([ただるうくぐすつぬぶむ])暇(?=[がはもを]|な[いくかけ]|など|なん[かて]) | $1余裕 | 16640100 | 1
16:55:08.109 | PreFilter : [PreFilter_@Hdor.txt:16904] | Ғ([ただるうくぐすつぬぶむ])まで(?=お?[一-龥ʞ]|[かよー]*[Ⓖ-Ⓩ]|[だではもを])(?![はも](?:[な無][いくかけ]|ありません|ございません)) | $1時まで | 16640100 | 1
16:55:08.140 | PreFilter : [PreFilter_@Hdor.txt:16999] | Ғ([てで])よ(?=[一-龥ʞⒼ-Ⓩっ]) | $1요Ⓚ | 16640100 | 1
16:55:08.156 | PreFilter : [PreFilter_@Hdor.txt:17063] | Ғ([るうくぐすつぬぶむ])[のん](?=だし|だった[Ⓖ-Ⓩから]|だったのに) | $1もの | 16640100 | 1
16:55:08.171 | PreFilter : [PreFilter_@Custom.txt:2234] | のだ(?<=[るうくぐすつぬぶむただ].{2})(?=[Ⓖ-Ⓩ]) | $1p9&Db: | 16640500 | 1
16:55:08.187 | 토글 변수 U1_NODA_의 상태가 ON으로 변경.
16:55:08.203 | PreFilter : [PreFilter_@Hdor.txt:17078] | Ғ |  | 16690100 | 0
16:55:08.203 | PreFilter : [PreFilter_@Hdor.txt:17286] | [^一-龥][一-龥][わかたばまら](?=され|させ[^ら]|すんだ) | $0▂sn | 16710200 | 1
16:55:08.218 | PreFilter : [PreFilter_@Hdor.txt:17294] | ▂snさ? |  | 16710200 | 1
16:55:08.234 | PreFilter : [PreFilter_@Hdor.txt:17542] | うとして(?<=[おこごそぼもろよ].{4}) | うと##して | 16710300 | 1
16:55:08.250 | PreFilter : [PreFilter_@Hdor.txt:17644] | き(?=[おごは]?[一-龥ʞⒶ-Ⓩ0-9]|か[なら]|[にを]|[あこそ][のれん]|こと|ところ|もの|よう)(?<=(?:[^一-龥][儚浅暗憎貴青幼尊難長永強古汚狭善赤旧疾遠]|.[多強弱無高黒白遅深苦痛安紅]|[一-龥][しな]|ҡな|末永|有難|[暖温]か|小さ|した).) | $0▂ | 17100100 | 1
16:55:08.312 | PreFilter : [PreFilter_@Hdor.txt:17656] | き▂ | _MATCH_CHECK | 17100100 | 0
16:55:08.312 | PreFilter : [PreFilter_@Hdor.txt:17660] | き▂ | い | 17100100 | 0
16:55:08.328 | PreFilter : [PreFilter_@Hdor.txt:17989] | 恥ずかし | _MATCH_CHECK | 17110100 | 0
16:55:08.343 | PreFilter : [PreFilter_@Hdor.txt:18658] | ぬる(?=[いぃくさ]|かっ|けれ|そう|[過す]ぎ) | 温 | 17110100 | 1
16:55:08.375 | PreFilter : [PreFilter_@Hdor.txt:20083] | (?:[一-龥][まめも]?し|[かまらわ]し|くやし|危う)げ(?=[なにでだ]|じゃ|そう|もな[いくかけ]) | $0▂ | 17310200 | 1
16:55:08.390 | PreFilter : [PreFilter_@Hdor.txt:20089] | げ▂ | い 듯@02#貧乏 | 17310200 | 0
16:55:08.390 | PreFilter : [PreFilter_@Hdor.txt:20217] | でき(?<=[一-龥].{2})(?=な[いくかけ]) | 出来 | 17350200 | 1
16:55:08.406 | PreFilter : [PreFilter_@Hdor.txt:20232] | 好き(?<![一-龥].{2})(?!っ?[Ⓖ-Ⓩ]) | 好き▂ | 17350200 | 1
16:55:08.421 | PreFilter : [PreFilter_@Hdor.txt:20235] | 勝手(?<![一-龥い].{2}) | $0▂ | 17350200 | 1
16:55:08.437 | PreFilter : [PreFilter_@Hdor.txt:20266] | ▂ |  | 17350210 | 0
16:55:08.453 | PreFilter : [PreFilter_@Hdor.txt:20310] | (?=[いぃく]|かった|そうよ[Ⓖ-Ⓩ]|[過す]ぎ|さって)(?<=[近痛高早善好愛良濃無憂酸亡甘重暗長古旧薄遠低若堅固汚穢太短安遅黒丸広深寒青蒼狭赤速疾厚熱暑円凄弱怖恐臭苦旨煩蠅弛多浅眠偉豪辛尠荒狡繁難細温潔堆懶厳幼初蘞刳醶角繊吝嗇粘饑稚痒軽凹窪煙鹹尊貴白柔粗硬憎悪巧鋭賢永強剛清浄鈍諄醜快脆怠懈渋惨酷疎易儚拙淡聡敏緩眩篤辱嫌したなろよ]) | Ҥ | 17410100 | 1
16:55:08.562 | PreFilter : [PreFilter_@Hdor.txt:20311] | (?=[いく]|かった|そうよ[Ⓖ-Ⓩ]|[過す]ぎ)(?<=上手|美味|大き|小さ|っ[ぱぽ]|あつ|うま|えら|きつ|くさ|すご|だる|なが|まず|や[すば]) | Ҥ | 17410100 | 1
16:55:08.593 | PreFilter : [PreFilter_@Hdor.txt:20314] | いい(?<![Ҥい].{2}) | いҤい | 17410100 | 1
16:55:08.593 | PreFilter : [PreFilter_@Hdor.txt:20323] | もしҤく | もしく | 17410100 | 0
16:55:08.609 | PreFilter : [PreFilter_@Hdor.txt:20459] | Ҥいのだろ | いだろ | 17410100 | 0
16:55:08.625 | PreFilter : [PreFilter_@Hdor.txt:20598] | Ҥく(?<!(?:みた|.[なよ]).{2})は(?=お?[一-龥ʞ]|あ[っり-れ]|い[かけ]な|でき|な[っら-ろ])(?!無[いくかけさ]) | くは。p7&Kuhamo: | 17410100 | 1
16:55:08.640 | 토글 변수 P7_KUHAMO_의 상태가 ON으로 변경.
16:55:08.656 | PreFilter : [PreFilter_@Hdor.txt:20629] | (Ҥか|だ)ったり([はも])?(?=す[るれ]|し[てた]|しなҤ?[いくかけ]|しま[すし]) | $1ったⓁ거나$2  | 17410100 | 1
16:55:08.671 | PreFilter : [PreFilter_@Hdor.txt:20645] | Ҥ |  | 17490100 | 0
16:55:08.671 | PreFilter : [PreFilter_@Hdor.txt:20898] | (?:わけ|訳)[がのⓆⓇ]*(?:[分わ]か头?[らん]|解ら)な | 名:영문을分からな | 18130100 | 1
16:55:08.703 | PreFilter : [PreFilter_@Hdor.txt:21141] | れだけ | _MATCH_CHECK | 19100100 | 0
16:55:08.718 | PreFilter : [PreFilter_@Hdor.txt:21142] | れだけ(?<=[あこそ].{3})(?=あらば|じゃ|はな|[がだでよを]) | れ@@だけ | 19100100 | 1
16:55:08.734 | PreFilter : [PreFilter_@Hdor.txt:21204] | と(?=想定[さしす]) | と思う@40# | 19100100 | 1
16:55:08.734 | PreFilter : [PreFilter_@Hdor.txt:21236] | との(?<=(?:.[一-龥ҡ]|さ[まん]|たち).{2})(?=[一-龥])(?!事) | $0Ⓚ | 19100100 | 1
16:55:08.750 | PreFilter : [PreFilter_@Hdor.txt:21378] | いたみたい | いた##みたい | 19100100 | 0
16:55:08.765 | PreFilter : [PreFilter_@Hdor.txt:21835] | なんて(?<=(?:.[一-龥ҡ]|何か|こと).{3})(?=[一-龥]) | $0。pA&Ngg:## | 20100100 | 1
16:55:08.781 | 토글 변수 PA_NGG_의 상태가 ON으로 변경.
16:55:08.796 | PreFilter : [PreFilter_@Custom.txt:1670] | せん | _MATCH_CHECK | 21000203 | 0
16:55:08.812 | PreFilter : [PreFilter_@Custom.txt:1676] | めん | _MATCH_CHECK | 21000204 | 0
16:55:08.828 | PreFilter : [PreFilter_@Hdor.txt:22139] | いつだって(?![言い思][ぁ-ん]|おも|でも) | いつでも | 21100100 | 1
16:55:08.828 | PreFilter : [PreFilter_@Hdor.txt:22375] | たった(?<=(?:.[Ⓐ-Ⓢがとを]|[一-龥ҡれ][はも]|まで).{3})(?=お?[一-龥ʞ0-9]|[あこそ]れ|ひとこと)(?!今) | ただ | 21100100 | 1
16:55:08.859 | PreFilter : [PreFilter_@Hdor.txt:22738] | いきなり | いきなり▂ | 21100200 | 0
16:55:08.859 | PreFilter : [PreFilter_@Hdor.txt:22755] | ▂ |  | 21100200 | 0
16:55:08.875 | PreFilter : [PreFilter_@Hdor.txt:22859] | と変わ(?<=[ぁ-んҡ].{3}) | とⓂ変わ | 21100200 | 1
16:55:08.890 | PreFilter : [PreFilter_@Hdor.txt:22907] | けれど(?<=(?:.[ただ]|ろう|[でま]す).{3}) | けど | 21200100 | 1
16:55:08.906 | PreFilter : [PreFilter_@Custom.txt:2260] | ていたな | ていたんだな | 22110100 | 0
16:55:08.921 | PreFilter : [PreFilter_@Hdor.txt:23272] | (です)?かしら[ぁっー]*(?=[一-龥ʞⒼ-Ⓩ]|ぼ[おぉー]*っと) | だろうⓃ$1pC&Ksr:Ⓚ | 22110100 | 1
16:55:08.937 | 토글 변수 PC_KSR_의 상태가 ON으로 변경.
16:55:08.937 | PreFilter : [PreFilter_@Hdor.txt:23390] | だとか(?=ー?[一-龥ʞⒼ-Ⓩ]|なら) | だとかⓃpC&Dtk: | 22110100 | 1
16:55:09.953 | 토글 변수 PC_DTK_의 상태가 ON으로 변경.
16:55:09.968 | PreFilter : [PreFilter_@Hdor.txt:23419] | [^い何]だろう(?=お?[一-龥ʞ](?!Ⓡ*[ⓄⓅ])) | $0Ⓝ@30# | 22110100 | 1
16:55:09.984 | PreFilter : [PreFilter_@Hdor.txt:23852] | ね(?<=[一-龥].)(?=Ⓡ*[Ⓖ-ⓅⓊ-Ⓩ]) | $0ⓃpC&Hnn: | 22110100 | 1
16:55:09.000 | 토글 변수 PC_HNN_의 상태가 ON으로 변경.
16:55:09.015 | PreFilter : [PreFilter_@Hdor.txt:24053] | に(?=[一-龥]{1,3}[さしす])(?!戰)(?<=[一-龥][いきぎしじちびみりえけげせぜねべめれ].) | $0Ⓜ | 22998999 | 1
16:55:09.031 | PreFilter : [PreFilter_@Hdor.txt:15409] | 罒 |  | 22999000 | 0
16:55:09.031 | PreFilter : [PreFilter_@Hdor.txt:15410] | 头 |  | 22999000 | 0
16:55:09.046 | PreFilter : [PreFilter_@Hdor.txt:23982] | Ⓡ(?=[Ⓥ-Ⓩ]) | ⓇⓁ | 23110100 | 1
16:55:09.062 | PreFilter : [PreFilter_@Hdor.txt:23993] | (?=あとお?[一-龥ʞ])(?<=[^ⓁⓂ]Ⓠ) | ⓆⓂ | 23110100 | 1
16:55:09.078 | PreFilter : [PreFilter_@Hdor.txt:24005] | かどうか | かどうか▂ | 23110100 | 0
16:55:09.078 | PreFilter : [PreFilter_@Hdor.txt:24012] | れと | れと▂ | 23110100 | 0
16:55:09.093 | PreFilter : [PreFilter_@Hdor.txt:24019] | ▂ |  | 23110100 | 0
16:55:09.109 | PreFilter : [PreFilter_@Hdor.txt:24073] | ҡとʞ | ҡとⓂʞ | 23110100 | 0
16:55:09.125 | PreFilter : [PreFilter_@Hdor.txt:24445] | ないと(?=[Ⓖ-Ⓩ](?:[^p]|$)) | $0ⓃpD&To: | 23120100 | 1
16:55:09.140 | 토글 변수 PD_TO_의 상태가 ON으로 변경.
16:55:09.156 | PreFilter : [PreFilter_@Hdor.txt:24515] | 何も(?=[ぁ-龥ʞⒼ-Ⓩ])(?!な[いくかけ]|かも|の) | $0Ⓜ | 23120100 | 1
16:55:09.171 | PreFilter : [PreFilter_@Hdor.txt:24745] | 身を(?<![一-龥].{2})(?=起こ|固め) | $0Ⓜ | 23210100 | 1
16:55:09.187 | PreFilter : [PreFilter_@Hdor.txt:25069] | とんでもな(?<=[ぁ-龥ҡ].{5}) | ##$0 | 23210100 | 1
16:55:09.203 | PreFilter : [PreFilter_@Hdor.txt:25093] | 頭(?:[がにはもを]|でも?|まで)?(?=い[たなま]|いつも|打[ぁ-ん]|痛[いくかけ]|掻き回|(?:痺|しび)れ|上げ|抑え|立立れ|一つ|ついて) | $0Ⓜ | 23210100 | 1
16:55:09.218 | PreFilter : [PreFilter_@Hdor.txt:25890] | の主人 | の##主人 | 23210100 | 0
16:55:09.234 | PreFilter : [PreFilter_@Hdor.txt:25917] | の(?=年[齢度上下]) | $0## | 23210100 | 1
16:55:09.250 | PreFilter : [PreFilter_@Hdor.txt:26053] | の外見 | の##外見 | 23210100 | 0
16:55:09.265 | PreFilter : [PreFilter_@Hdor.txt:26729] | 私(?<=[^一-龥きぎしじちびみりえけげせぜべめれ].)(?=[ぁ-ん]{1,3}(?:[一-龥]{1,2}[ぁ-ん]|つ[いかきくけこ]|でき|な[いくかけっら-ろ]|や[っら-ろ])) | 加:$0 | 23310100 | 1
16:55:09.296 | PreFilter : [PreFilter_@Hdor.txt:26758] | な(?<=(?:.[一-龥ҡ]|嫌い|[好向]き|いや|[こそ]う|か[らり]|こと|さ[まん]|しみ|せい|だめ|も[のん]|やつ).)(?:[のん](?=だ[かがとねよⒼ-Ⓩ]|だけれ?ど|だそう[だでねよ]|だったら|だだ?ろ)(?!だかんだ)|の(?=[かには])|(?=だけね?[Ⓖ-Ⓩ])) | なのので毛 | 23310100 | 1
16:55:09.359 | PreFilter : [PreFilter_@Hdor.txt:26771] | な(?<![Ⓐ-Ⓢ].)(?:[のん](?=でございま|でし[たょ]|ではなく|だも[のん]っ?[Ⓖ-Ⓩ]|だ[しね][っー]*[Ⓖ-Ⓩ]|よね)|の(?=[でよ])) | なのので毛 | 23310100 | 1
16:55:09.375 | PreFilter : [PreFilter_@Hdor.txt:26803] | [Ⓐ-Ⓢ]ー*(?=[ぁ-ん])|ʞ(?<![一-龥].)(?=[^ҡ]{1,8}ҡ(?:[^一-龥]|梦名))(?!ヶ) | $0⋦ | 24100100 | 1
16:55:09.390 | PreFilter : [PreFilter_@Hdor.txt:27141] | ⋦ |  | 24100100 | 0
16:55:09.406 | PreFilter : [PreFilter_@Hdor.txt:27154] | ([Ⓐ-Ⓢ][ー～―]*)([ぁ-ん][ぁ-んー～]*)(?=[Ⓖ-Ⓩ]) | $1▪⋦$2ℍ | 24200100 | 1
16:55:09.437 | PreFilter : [PreFilter_@Hdor.txt:27168] | [ぁ-ん][ー～]?(?=[ぁ-んー～]*?ℍ) | ▪$0 | 24200100 | 1
16:55:09.468 | PreFilter : [PreFilter_@Hdor.txt:27693] | ▪(?=[あぁ][ー～]?(?:▪[あぁ]|[▫ℍ])) | $0아 | 24200100 | 1
16:55:09.484 | PreFilter : [PreFilter_@Hdor.txt:27694] | ▪(?=[いぃ][ー～]?(?:▪[いぃ]|[▫ℍ])) | $0이 | 24200100 | 1
16:55:09.500 | PreFilter : [PreFilter_@Hdor.txt:27695] | ▪(?=[うぅ][ー～]?(?:▪[うぅ]|[▫ℍ])) | $0우 | 24200100 | 1
16:55:09.515 | PreFilter : [PreFilter_@Hdor.txt:27708] | ▪(?=す[ー～]?(?:▪す|[▫ℍ])) | $0스 | 24200100 | 1
16:55:09.531 | PreFilter : [PreFilter_@Hdor.txt:27733] | ▪(?=[やゃ][ー～]?(?:▪[やゃ]|[▫ℍ])) | $0야 | 24200100 | 1
16:55:09.546 | PreFilter : [PreFilter_@Hdor.txt:27735] | ▪(?=ん[ー～]?(?:▪ん|[▫ℍ])) | $0응 | 24200100 | 1
16:55:09.562 | PreFilter : [PreFilter_@Hdor.txt:27739] | ▪[ぁ-ん][▫▪가-힣ぁ-んー～]*(?=ℍ) | $0x | 24200100 | 1
16:55:09.578 | PreFilter : [PreFilter_@Hdor.txt:27740] | [▪▫가-힣](?=[▫▪가-힣ぁ-んー～]*xℍ) |  | 24200100 | 1
16:55:09.593 | PreFilter : [PreFilter_@Hdor.txt:27742] | [▫▪ぁ-ん](?=[▫▪가-힣ぁ-んー～]*ℍ) |  | 24200100 | 1
16:55:09.609 | PreFilter : [PreFilter_@Hdor.txt:27745] | xℍ |  | 24200100 | 0
16:55:09.609 | PreFilter : [PreFilter_@Hdor.txt:27746] | ℍ |  | 24200100 | 0
16:55:09.625 | PreFilter : [PreFilter_@Hdor.txt:27747] | ▪⋦ |  | 24200100 | 0
16:55:09.625 | PreFilter : [PreFilter_@Hdor.txt:92] | 业 | 々 | 29101100 | 0
16:55:09.640 | PreFilter : [PreFilter_@Hdor.txt:2996] | 记彼 |  | 29101100 | 0
16:55:09.656 | PreFilter : [PreFilter_@Hdor.txt:15310] | 当当れ | 当て | 29101100 | 0
16:55:09.671 | PreFilter : [PreFilter_@Hdor.txt:23089] | (?:[Ⓐ-Ⓘ][ー～Ⓡ]*|[가-힣][ー～]*[ⓀⓇ]+|[かただど]Ⓡ+)(?=で[はも]) | $0Ⓛ | 29101100 | 1
16:55:09.687 | PreFilter : [PreFilter_@Hdor.txt:27770] | 名: | 乘名の: | 29101100 | 0
16:55:09.687 | PreFilter : [PreFilter_@Hdor.txt:27771] | 動: | 乘動の: | 29101100 | 0
16:55:09.703 | PreFilter : [PreFilter_@Hdor.txt:27773] | 加: | 乘加の: | 29101100 | 0
16:55:09.718 | PreFilter : [PreFilter_@Hdor.txt:27782] | 乘[動形](?<=[いきぎしじちびみりえけげせぜてでねべめれ].{2}) | 干@30#$0 | 29101200 | 1
16:55:09.750 | PreFilter : [PreFilter_@Hdor.txt:2538] | 蔦(?<![一-龥].)(?![ʞ一-乗乙-龥]) | ▂$0梦名 | 29101500 | 1
16:55:09.765 | PreFilter : [PreFilter_@Hdor.txt:2679] | ▂ |  | 29101500 | 0
16:55:09.781 | PreFilter : [PreFilter_@Hdor.txt:24068] | ーҡ(?=か[^ら]|さ[まん]|[だな]|って|で[しす]) | $0梦名 | 29101500 | 1
16:55:09.796 | PreFilter : [PreFilter_@Hdor.txt:27822] | ʞ |  | 29101500 | 0
16:55:09.796 | PreFilter : [PreFilter_@Hdor.txt:27823] | ҡ |  | 29101500 | 0
16:55:09.812 | PreFilter : [PreFilter_@Hdor.txt:27827] | Ⓝ⌒(?=[Ⓐ-Ⓔ])(?!Ⓔ[ぁ-ん]) |  | 29101500 | 1
16:55:09.828 | PreFilter : [PreFilter_@Hdor.txt:27848] | Ⓐ | 「 | 29410100 | 0
16:55:09.828 | PreFilter : [PreFilter_@Hdor.txt:27852] | Ⓔ | （ | 29410100 | 0
16:55:09.843 | PreFilter : [PreFilter_@Hdor.txt:27860] | Ⓚ(?:(?<=[Ⓐ-Ⓢ].)|(?=[Ⓖ-ⒿⓂ-Ⓩ]|～)) |  | 29410100 | 1
16:55:09.859 | PreFilter : [PreFilter_@Hdor.txt:27863] | Ⓚ | Ⓜ | 29410100 | 0
16:55:09.875 | PreFilter : [PreFilter_@Hdor.txt:27865] | ⓁⓆ | 。@、 | 29410100 | 0
16:55:09.875 | PreFilter : [PreFilter_@Hdor.txt:27868] | ⓆⓂ | 、#。 | 29410100 | 0
16:55:09.890 | PreFilter : [PreFilter_@Hdor.txt:27869] | Ⓛ | 。@。 | 29410100 | 0
16:55:09.906 | PreFilter : [PreFilter_@Hdor.txt:27870] | Ⓜ | 。#。 | 29410100 | 0
16:55:09.906 | PreFilter : [PreFilter_@Hdor.txt:27872] | Ⓝ | 。 | 29410100 | 0
16:55:09.921 | PreFilter : [PreFilter_@Hdor.txt:27873] | Ⓞ | ？ | 29410100 | 0
16:55:09.921 | PreFilter : [PreFilter_@Hdor.txt:27874] | Ⓟ | ！ | 29410100 | 0
16:55:09.937 | PreFilter : [PreFilter_@Hdor.txt:27875] | Ⓠ | 、 | 29410100 | 0
16:55:09.953 | PreFilter : [PreFilter_@Hdor.txt:27876] | Ⓡ | … | 29410100 | 0
16:55:10.953 | PreFilter : [PreFilter_@Hdor.txt:27880] | Ⓥ | ） | 29410100 | 0
16:55:10.968 | PreFilter : [PreFilter_@Hdor.txt:27884] | Ⓩ | 」 | 29410100 | 0
16:55:10.984 | PreFilter : [PreFilter_@Hdor.txt:27888] | [ぁ-ん](?=[）’”」》])(?!.が|”&」が|’[ぁ-ん]) | $0。⌒ | 29510100 | 1
16:55:10.000 | PreFilter : [PreFilter_@Hdor.txt:27889] | [「“‘（《♪★☆](?=[ぁ-ん]) | $0⌒。 | 29510100 | 1
16:55:10.015 | PreFilter : [PreFilter_@Custom.txt:396] | いつか(?<![追あそこ思].{3}) | ##いつか | 29510101 | 1
16:55:10.031 | PreFilter : [PreFilter_@Custom.txt:415] | ながら(?<!(?:.当然|.残念|.地味|.失礼|不本意).{3})(?<=[一-龥].{3}) | @@ながら | 29510101 | 1
16:55:10.046 | PreFilter : [PreFilter_@Custom.txt:433] | もともと | ##もともと | 29510101 | 0
16:55:10.062 | PreFilter : [PreFilter_@Custom.txt:683] | 前(?<!(?:..[一-龥る]|[当あ]たり).)(?![一-龥]|たち) | 前梦名 | 29510101 | 1
16:55:10.078 | PreFilter : [PreFilter_@Custom.txt:3512] | あれほど | 彼程 | 29510101 | 0
16:55:10.078 | PreFilter : [PreFilter_@Custom.txt:955] | 分(?<!(?:..[Ⓐ-Ⓩ自部物がおか十多言#]|まるで|.[だる]と).)(?=か?[らりるれろっ]) | 。#。分 | 29510102 | 1
16:55:10.109 | PreFilter : [PreFilter_@Hdor.txt:27899] | [：…─](?=[一-丬丮-龥][^一-龥])|[？！。](?=[一-丬丮-龥][。！…]) | $0@j、 | 29610100 | 1
16:55:10.125 | PreFilter : [PreFilter_@Custom.txt:1336] | です | _MATCH_CHECK | 29610101 | 0
16:55:10.140 | PreFilter : [PreFilter_@Hdor_C.txt:267] | 가 | гaA | 29999010 | 0
16:55:10.140 | PreFilter : [PreFilter_@Hdor_C.txt:303] | 거 | гeA | 29999010 | 0
16:55:10.156 | PreFilter : [PreFilter_@Hdor_C.txt:318] | 게 | гfA | 29999010 | 0
16:55:10.171 | PreFilter : [PreFilter_@Hdor_C.txt:425] | 급 | гsR | 29999010 | 0
16:55:10.187 | PreFilter : [PreFilter_@Hdor_C.txt:429] | 기 | гuA | 29999010 | 0
16:55:10.187 | PreFilter : [PreFilter_@Hdor_C.txt:470] | 껄 | дeI | 29999020 | 0
16:55:10.203 | PreFilter : [PreFilter_@Hdor_C.txt:520] | 꿈 | дnQ | 29999020 | 0
16:55:10.218 | PreFilter : [PreFilter_@Hdor_C.txt:564] | 나 | жaA | 29999030 | 0
16:55:10.234 | PreFilter : [PreFilter_@Hdor_C.txt:567] | 난 | жaE | 29999030 | 0
16:55:10.250 | PreFilter : [PreFilter_@Hdor_C.txt:581] | 내 | жbA | 29999030 | 0
16:55:10.250 | PreFilter : [PreFilter_@Hdor_C.txt:583] | 낸 | жbE | 29999030 | 0
16:55:10.265 | PreFilter : [PreFilter_@Hdor_C.txt:660] | 눈 | жnE | 29999030 | 0
16:55:10.281 | PreFilter : [PreFilter_@Hdor_C.txt:684] | 는 | жsE | 29999030 | 0
16:55:10.296 | PreFilter : [PreFilter_@Hdor_C.txt:707] | 다 | зaA | 29999040 | 0
16:55:10.312 | PreFilter : [PreFilter_@Hdor_C.txt:712] | 달 | зaI | 29999040 | 0
16:55:10.312 | PreFilter : [PreFilter_@Hdor_C.txt:727] | 댄 | зbE | 29999040 | 0
16:55:10.328 | PreFilter : [PreFilter_@Hdor_C.txt:769] | 돌 | зiI | 29999040 | 0
16:55:10.343 | PreFilter : [PreFilter_@Hdor_C.txt:786] | 된 | зlE | 29999040 | 0
16:55:10.359 | PreFilter : [PreFilter_@Hdor_C.txt:792] | 두 | зnA | 29999040 | 0
16:55:10.375 | PreFilter : [PreFilter_@Hdor_C.txt:804] | 뒤 | зqA | 29999040 | 0
16:55:10.390 | PreFilter : [PreFilter_@Hdor_C.txt:815] | 드 | зsA | 29999040 | 0
16:55:10.390 | PreFilter : [PreFilter_@Hdor_C.txt:819] | 들 | зsI | 29999040 | 0
16:55:10.406 | PreFilter : [PreFilter_@Hdor_C.txt:823] | 듯 | зsT | 29999040 | 0
16:55:10.421 | PreFilter : [PreFilter_@Hdor_C.txt:879] | 또 | иiA | 29999050 | 0
16:55:10.437 | PreFilter : [PreFilter_@Hdor_C.txt:905] | 뜬 | иsE | 29999050 | 0
16:55:10.453 | PreFilter : [PreFilter_@Hdor_C.txt:923] | 라 | йaA | 29999060 | 0
16:55:10.468 | PreFilter : [PreFilter_@Hdor_C.txt:980] | 로 | йiA | 29999060 | 0
16:55:10.468 | PreFilter : [PreFilter_@Hdor_C.txt:1034] | 른 | йsE | 29999060 | 0
16:55:10.484 | PreFilter : [PreFilter_@Hdor_C.txt:1035] | 를 | йsI | 29999060 | 0
16:55:10.500 | PreFilter : [PreFilter_@Hdor_C.txt:1043] | 리 | йuA | 29999060 | 0
16:55:10.500 | PreFilter : [PreFilter_@Hdor_C.txt:1045] | 린 | йuE | 29999060 | 0
16:55:10.515 | PreFilter : [PreFilter_@Hdor_C.txt:1051] | 마 | кaA | 29999070 | 0
16:55:10.531 | PreFilter : [PreFilter_@Hdor_C.txt:1056] | 말 | кaI | 29999070 | 0
16:55:10.546 | PreFilter : [PreFilter_@Hdor_C.txt:1063] | 맞 | кaW | 29999070 | 0
16:55:10.562 | PreFilter : [PreFilter_@Hdor_C.txt:1080] | 머 | кeA | 29999070 | 0
16:55:10.578 | PreFilter : [PreFilter_@Hdor_C.txt:1137] | 문 | кnE | 29999070 | 0
16:55:10.593 | PreFilter : [PreFilter_@Hdor_C.txt:1171] | 밀 | кuI | 29999070 | 0
16:55:10.593 | PreFilter : [PreFilter_@Hdor_C.txt:1180] | 바 | лaA | 29999080 | 0
16:55:10.609 | PreFilter : [PreFilter_@Hdor_C.txt:1244] | 본 | лiE | 29999080 | 0
16:55:10.625 | PreFilter : [PreFilter_@Hdor_C.txt:1274] | 붙 | лnZ | 29999080 | 0
16:55:10.640 | PreFilter : [PreFilter_@Hdor_C.txt:1491] | 수 | фnA | 29999110 | 0
16:55:10.656 | PreFilter : [PreFilter_@Hdor_C.txt:1531] | 습 | фsR | 29999110 | 0
16:55:10.671 | PreFilter : [PreFilter_@Hdor_C.txt:1534] | 시 | фuA | 29999110 | 0
16:55:10.671 | PreFilter : [PreFilter_@Hdor_C.txt:1535] | 식 | фuB | 29999110 | 0
16:55:10.687 | PreFilter : [PreFilter_@Hdor_C.txt:1631] | 아 | чaA | 29999130 | 0
16:55:10.703 | PreFilter : [PreFilter_@Hdor_C.txt:1635] | 않 | чaG | 29999130 | 0
16:55:10.718 | PreFilter : [PreFilter_@Hdor_C.txt:1672] | 어 | чeA | 29999130 | 0
16:55:10.734 | PreFilter : [PreFilter_@Hdor_C.txt:1676] | 얻 | чeH | 29999130 | 0
16:55:10.734 | PreFilter : [PreFilter_@Hdor_C.txt:1689] | 에 | чfA | 29999130 | 0
16:55:10.750 | PreFilter : [PreFilter_@Hdor_C.txt:1695] | 엣 | чfT | 29999130 | 0
16:55:10.765 | PreFilter : [PreFilter_@Hdor_C.txt:1697] | 여 | чgA | 29999130 | 0
16:55:10.781 | PreFilter : [PreFilter_@Hdor_C.txt:1698] | 역 | чgB | 29999130 | 0
16:55:10.796 | PreFilter : [PreFilter_@Hdor_C.txt:1709] | 영 | чgV | 29999130 | 0
16:55:10.796 | PreFilter : [PreFilter_@Hdor_C.txt:1722] | 온 | чiE | 29999130 | 0
16:55:10.812 | PreFilter : [PreFilter_@Hdor_C.txt:1756] | 요 | чmA | 29999130 | 0
16:55:10.828 | PreFilter : [PreFilter_@Hdor_C.txt:1809] | 을 | чsI | 29999130 | 0
16:55:10.843 | PreFilter : [PreFilter_@Hdor_C.txt:1811] | 음 | чsQ | 29999130 | 0
16:55:10.859 | PreFilter : [PreFilter_@Hdor_C.txt:1828] | 인 | чuE | 29999130 | 0
16:55:10.875 | PreFilter : [PreFilter_@Hdor_C.txt:1829] | 일 | чuI | 29999130 | 0
16:55:10.875 | PreFilter : [PreFilter_@Hdor_C.txt:1840] | 자 | шaA | 29999140 | 0
16:55:10.890 | PreFilter : [PreFilter_@Hdor_C.txt:1847] | 잠 | шaQ | 29999140 | 0
16:55:10.906 | PreFilter : [PreFilter_@Hdor_C.txt:1848] | 잡 | шaR | 29999140 | 0
16:55:10.906 | PreFilter : [PreFilter_@Hdor_C.txt:1851] | 장 | шaV | 29999140 | 0
16:55:10.921 | PreFilter : [PreFilter_@Hdor_C.txt:1872] | 저 | шeA | 29999140 | 0
16:55:10.937 | PreFilter : [PreFilter_@Hdor_C.txt:1880] | 정 | шeV | 29999140 | 0
16:55:10.953 | PreFilter : [PreFilter_@Hdor_C.txt:1967] | 지 | шuA | 29999140 | 0
16:55:11.968 | PreFilter : [PreFilter_@Hdor_C.txt:2093] | 철 | ъeI | 29999160 | 0
16:55:11.968 | PreFilter : [PreFilter_@Hdor_C.txt:2148] | 취 | ъqA | 29999160 | 0
16:55:11.984 | PreFilter : [PreFilter_@Hdor_C.txt:2274] | 크 | ыsA | 29999170 | 0
16:55:11.000 | PreFilter : [PreFilter_@Hdor_C.txt:2503] | 한 | ёaE | 29999210 | 0
16:55:11.015 | PreFilter : [PreFilter_@Hdor_C.txt:2603] | 휘 | ёqA | 29999210 | 0
16:55:11.031 | PreFilter : [PreFilter_@Custom.txt:2149] | だった | _MATCH_CHECK | 30000000 | 0
16:55:11.046 | 토글 변수 I2_TTA_의 상태가 ON으로 변경.
16:55:11.062 | PreFilter : [PreFilter_@Custom.txt:2150] | かった | _MATCH_CHECK | 30000000 | 0
16:55:11.062 | 토글 변수 I2_TTA_의 상태가 ON으로 변경.
16:55:11.078 | PreSkipLayer : 11100110, 13210130, 16610210, 29999090, 29999120, 29999150, 29999180, 29999190
16:55:11.093 | PreFilter : --- Elasped Time : 7750ms ---
16:55:11.093 | [PRE]  ↓#_#_# ログイン#_#_# 小説情報#_#_# 感想#_#_# レビュー#_#_# 縦書きPDF#_#_# ブックマークに追加#_#_# 表示調整#_#_# ブックマーク登録する場合は#_#_#  ログイン#_#_# して下さい。#_#_# ログイン#_#_# 婚約破棄された替え玉令嬢、初恋の##年上王子に溺愛戰戰される　～元婚約者が復縁してくれと毎日土下座してきますが、あなたの相手をしてる余裕はありません～#_#_# 榛名丼#_#_# &lt;&lt; 前梦名へ#_#_# 次へ &gt;&gt;#_#_# 2/56#_#_# 第2話．懐かしい名前#_#_# 「⌒。お姉様、乘加の:私の替え玉になってくださらない？」#_#_# それは、魔法学院に入学して乘名の:кeAшuA чaGчaA梦名の事。#_#_# いきなりそんなことを言い出した妹のリーナに、ルイゼは困惑した。#_#_# 「……リーナ、それはどういう意味？」#_#_# 「言葉の意味そのままよ。私、いちいちテストとか受けるの面倒なの。お姉様はお勉強だけはお得意だそうだから、#_#_#   わ#_#_#   （#_#_#   ・#_#_#   ）#_#_#   た#_#_#   （#_#_#   ・#_#_#   ）#_#_#   く#_#_#   （#_#_#   ・#_#_#   ）#_#_#   し#_#_#   （#_#_#   ・#_#_#   ）#_#_#   の#_#_#   （#_#_#   ・#_#_#   ）#_#_#   振#_#_#   （#_#_#   ・#_#_#   ）#_#_#   り#_#_#   （#_#_#   ・#_#_#   ）#_#_#   を#_#_#   （#_#_#   ・#_#_#   ）#_#_#   し#_#_#   （#_#_#   ・#_#_#   ）#_#_#   て#_#_#   （#_#_#   ・#_#_#   ）#_#_#   試#_#_#   （#_#_#   ・#_#_#   ）#_#_#   験#_#_#   （#_#_#   ・#_#_#   ）#_#_#   に#_#_#   （#_#_#   ・#_#_#   ）#_#_#   出#_#_#   （#_#_#   ・#_#_#   ）#_#_#   て#_#_# ...
16:55:11.265 | UserDic_Req : 溺愛戰戰される
16:55:11.281 | UserDic (1) : [UserDict_@Custom.txt:47] 溺愛戰戰 | ≪몹시 사랑ㅎㅏㄴ∬&≫ | (명사) | 0
16:55:11.328 | UserDic_Req : 前梦名へ
16:55:11.328 | UserDic (1) : [UserDict_@Hdor#0#req.txt:13] 前梦名 | 앞 | (명사) | VPl
16:55:11.359 | UserDic_Req : お姉様、乘加の
16:55:11.359 | UserDic (1) : [UserDict_@Hdor#1.txt:1174] お姉様 | 누님#N | (명사) | VHn
16:55:11.375 | UserDic_Req : 乘加の
16:55:11.390 | UserDic (1) : [UserDict_@Hdor#0#req.txt:7] 乘加 | 加: | (명사) | 
16:55:11.406 | UserDic_Req : 乘名の
16:55:11.421 | UserDic (1) : [UserDict_@Hdor#0#req.txt:2] 乘名 | 名: | (명사) | 
16:55:11.437 | UserDic_Req : 乘名の
16:55:11.437 | UserDic (1) : [UserDict_@Hdor#0#req.txt:2] 乘名 | 名: | (명사) | 
16:55:11.453 | UserDic_Req : 梦名の事
16:55:11.468 | UserDic (1) : [UserDict_@Hdor#0#req.txt:3] 梦名 | #M二 | (명사) | 
16:55:11.484 | UserDic_Req : リーナに、ルイゼは困惑した
16:55:11.500 | UserDic (1) : [UserDict_@dansun#name.txt:1153] リーナ | 이리나 | (명사) | 
16:55:11.515 | UserDic_Req : リーナ、それはどういう意味
16:55:11.515 | UserDic (1) : [UserDict_@dansun#name.txt:1153] リーナ | 이리나 | (명사) | 
16:55:11.531 | UserDic_Req : お姉様はお勉強だけはお得意だそうだから、
16:55:11.546 | UserDic (1) : [UserDict_@Hdor#1.txt:1174] お姉様 | 누님#N | (명사) | VHn
16:55:11.593 | UserDic_Req : リーナに、ルイゼは沈黙する
16:55:11.609 | UserDic (1) : [UserDict_@dansun#name.txt:1153] リーナ | 이리나 | (명사) | 
16:55:11.609 | UserDic_Req : リーナに、ルイゼは沈黙する
16:55:11.625 | UserDic (1) : [UserDict_@dansun#name.txt:1153] リーナ | 이리나 | (명사) | 
16:55:11.640 | UserDic_Req : 梦彼が乘名の
16:55:11.656 | UserDic (1) : [UserDict_@Hdor#0#req.txt:9] 梦彼 | #N二 | (명사) | VHn
16:55:11.671 | UserDic_Req : 乘名の
16:55:11.671 | UserDic (1) : [UserDict_@Hdor#0#req.txt:2] 乘名 | 名: | (명사) | 
16:55:11.703 | UserDic_Req : リーナの双子の姉妹は、鏡合わせのようによく似ている
16:55:11.718 | UserDic (1) : [UserDict_@dansun#name.txt:1153] リーナ | 이리나 | (명사) | 
16:55:11.750 | UserDic_Req : しかし最近では、そんな二人の
16:55:11.765 | UserDic (1) : [UserDict_@변환#01일반.txt:45] しかし | 하지만 | (상용어구) | VHn
16:55:11.796 | UserDic_Req : リーナは化粧が厚く、豪奢な服装を選ぶ傾向にあった
16:55:11.796 | UserDic (1) : [UserDict_@dansun#name.txt:1153] リーナ | 이리나 | (명사) | 
16:55:11.828 | UserDic_Req : リーナは何も
16:55:11.843 | UserDic (1) : [UserDict_@dansun#name.txt:1153] リーナ | 이리나 | (명사) | 
16:55:11.859 | UserDic_Req : お姉様は乘加の
16:55:11.875 | UserDic (1) : [UserDict_@Hdor#1.txt:1174] お姉様 | 누님#N | (명사) | VHn
16:55:11.890 | UserDic_Req : 乘加の
16:55:11.906 | UserDic (1) : [UserDict_@Hdor#0#req.txt:7] 乘加 | 加: | (명사) | 
16:55:11.921 | UserDic_Req : リーナは自分勝手な暴論を乘動の
16:55:11.937 | UserDic (1) : [UserDict_@dansun#name.txt:1153] リーナ | 이리나 | (명사) | 
16:55:12.953 | UserDic_Req : 乘動の
16:55:12.968 | UserDic (1) : [UserDict_@Hdor#0#req.txt:4] 乘動 | 動: | (명사) | 
16:55:12.984 | UserDic_Req : 乘動の
16:55:12.984 | UserDic (1) : [UserDict_@Hdor#0#req.txt:4] 乘動 | 動: | (명사) | 
16:55:12.015 | UserDic_Req : リーナ
16:55:12.015 | UserDic (1) : [UserDict_@dansun#name.txt:1153] リーナ | 이리나 | (명사) | 
16:55:12.031 | UserDic_Req : リーナはとぼけるように頬梦名に手を当てる
16:55:12.046 | UserDic (1) : [UserDict_@dansun#name.txt:1153] リーナ | 이리나 | (명사) | 
16:55:12.062 | UserDic_Req : 頬梦名に手を当てる
16:55:12.062 | UserDic (1) : [UserDict_@Hdor#0#req.txt:304] 頬梦名 | 뺨 | (명사) | 
16:55:12.078 | UserDic_Req : リーナはかんしゃく持ちだ
16:55:12.093 | UserDic (1) : [UserDict_@dansun#name.txt:1153] リーナ | 이리나 | (명사) | 
16:55:12.140 | UserDic_Req : リーナはすぐに方針を変えた
16:55:12.140 | UserDic (1) : [UserDict_@dansun#name.txt:1153] リーナ | 이리나 | (명사) | 
16:55:12.156 | UserDic_Req : リーナはすぐに方針を変えた
16:55:12.171 | UserDic (1) : [UserDict_@dansun#name.txt:1153] リーナ | 이리나 | (명사) | 
16:55:12.187 | UserDic_Req : 乘動の
16:55:12.203 | UserDic (1) : [UserDict_@Hdor#0#req.txt:4] 乘動 | 動: | (명사) | 
16:55:12.234 | UserDic_Req : リーナの言葉には逆らえない
16:55:12.250 | UserDic (1) : [UserDict_@dansun#name.txt:1153] リーナ | 이리나 | (명사) | 
16:55:12.281 | UserDic_Req : 乘動の
16:55:12.281 | UserDic (1) : [UserDict_@Hdor#0#req.txt:4] 乘動 | 動: | (명사) | 
16:55:12.296 | UserDic_Req : 乘動の
16:55:12.312 | UserDic (1) : [UserDict_@Hdor#0#req.txt:4] 乘動 | 動: | (명사) | 
16:55:12.343 | UserDic_Req : リーナの申し出だけは受けたくなかった
16:55:12.359 | UserDic (1) : [UserDict_@dansun#name.txt:1153] リーナ | 이리나 | (명사) | 
16:55:12.390 | UserDic_Req : 子供の頃から大切に胸に抱いてきた、ただ一つの夢があったから
16:55:12.406 | UserDic (1) : [UserDict_@변환#01일반.txt:90] 子供の頃 | 어렸을 때 | (상용어구) | VHn
16:55:12.421 | UserDic (2) : [UserDict_@Custom.txt:949] 子供の頃 | 어렸을 때#M | (명사) | UAq
16:55:12.437 | UserDic (3) : [UserDict_@dansun#name.txt:3717] 子供 | 아이 | (명사) | 
16:55:12.453 | UserDic (4) : [UserDict_@Hdor#1.txt:1655] 子供 | 아이#N | (명사) | VHn
16:55:12.484 | UserDic_Req : リーナ
16:55:12.500 | UserDic (1) : [UserDict_@dansun#name.txt:1153] リーナ | 이리나 | (명사) | 
16:55:12.515 | UserDic_Req : お姉様、よく
16:55:12.515 | UserDic (1) : [UserDict_@Hdor#1.txt:1174] お姉様 | 누님#N | (명사) | VHn
16:55:12.531 | UserDic_Req : お姉様の意見なんて
16:55:12.546 | UserDic (1) : [UserDict_@Hdor#1.txt:1174] お姉様 | 누님#N | (명사) | VHn
16:55:12.562 | UserDic_Req : リーナは続けた
16:55:12.562 | UserDic (1) : [UserDict_@dansun#name.txt:1153] リーナ | 이리나 | (명사) | 
16:55:12.578 | UserDic_Req : 乘加の
16:55:12.593 | UserDic (1) : [UserDict_@Hdor#0#req.txt:7] 乘加 | 加: | (명사) | 
16:55:12.609 | UserDic_Req : お姉様みたいな
16:55:12.609 | UserDic (1) : [UserDict_@Hdor#1.txt:1174] お姉様 | 누님#N | (명사) | VHn
16:55:12.625 | UserDic_Req : 梦名にとって
16:55:12.640 | UserDic (1) : [UserDict_@Hdor#0#req.txt:3] 梦名 | #M二 | (명사) | 
16:55:12.671 | UserDic_Req : 乘動の
16:55:12.687 | UserDic (1) : [UserDict_@Hdor#0#req.txt:4] 乘動 | 動: | (명사) | 
16:55:12.687 | UserDic_Req : 梦名は最悪だった
16:55:12.703 | UserDic (1) : [UserDict_@Hdor#0#req.txt:3] 梦名 | #M二 | (명사) | 
16:55:12.718 | UserDic_Req : 乘名の
16:55:12.734 | UserDic (1) : [UserDict_@Hdor#0#req.txt:2] 乘名 | 名: | (명사) | 
16:55:12.750 | UserDic_Req : 梦名の指輪
16:55:12.765 | UserDic (1) : [UserDict_@Hdor#0#req.txt:3] 梦名 | #M二 | (명사) | 
16:55:12.781 | UserDic_Req : 乘名の
16:55:12.796 | UserDic (1) : [UserDict_@Hdor#0#req.txt:2] 乘名 | 名: | (명사) | 
16:55:12.796 | UserDic_Req : 梦名まで
16:55:12.812 | UserDic (1) : [UserDict_@Hdor#0#req.txt:3] 梦名 | #M二 | (명사) | 
16:55:12.828 | UserDic_Req : 悪い気がする
16:55:12.828 | UserDic (1) : [UserDict_@kdr#일반.txt:4] 悪い | 미안(나쁜) | (상용어구) | 
16:55:12.859 | UserDic_Req : 早朝の鐘も鳴らない朝早くだ
16:55:12.875 | UserDic (1) : [UserDict_@Hdor#1.txt:3203] 早朝 | 이른 아침 | (명사) | UMe
16:55:12.921 | UserDic_Req : ぼんやりと戰戰した面持ちで眺めながら、小さく息を吐いた
16:55:12.937 | UserDic (1) : [UserDict_@Custom.txt:8] ぼんやりと戰戰 | ≪어렴풋ㅎㅏㄴ∬&≫ | (상용어구) | 
16:55:13.953 | UserDic (2) : [UserDict_@Hdor#1.txt:11035] ぼんやり | 멍하니∥r | (상용어구) | 
16:55:13.984 | UserDic_Req : 一歩も出るなと言いつけられるとは
16:55:13.984 | UserDic (1) : [UserDict_@kdr#name.txt:30] 一歩 | 이치호#N | (명사) | VHn 
16:55:13.000 | UserDic (2) : [UserDict_@kdr#name.txt:69] 一歩 | 카즈호#N | (명사) | VHn 
16:55:13.062 | UserDic_Req : 乘動の
16:55:13.078 | UserDic (1) : [UserDict_@Hdor#0#req.txt:4] 乘動 | 動: | (명사) | 
16:55:13.109 | UserDic_Req : リーナは、一度だけ顔見せにきてこんな言葉を残していった
16:55:13.109 | UserDic (1) : [UserDict_@dansun#name.txt:1153] リーナ | 이리나 | (명사) | 
16:55:13.140 | UserDic_Req : お姉様は不憫で、お可哀想な方なのだ
16:55:13.140 | UserDic (1) : [UserDict_@Hdor#1.txt:1174] お姉様 | 누님#N | (명사) | VHn
16:55:13.171 | UserDic_Req : リーナの目論み通りというべきか、説教の内容はあんなに素晴らしい妹梦彼が居るのにこの面汚しめ
16:55:13.187 | UserDic (1) : [UserDict_@dansun#name.txt:1153] リーナ | 이리나 | (명사) | 
16:55:13.203 | UserDic_Req : 梦彼が居るのにこの面汚しめ
16:55:13.218 | UserDic (1) : [UserDict_@Hdor#0#req.txt:9] 梦彼 | #N二 | (명사) | VHn
16:55:13.250 | UserDic_Req : ぼんやりと思った
16:55:13.250 | UserDic (1) : [UserDict_@Hdor#1.txt:11035] ぼんやり | 멍하니∥r | (상용어구) | 
16:55:13.265 | UserDic_Req : リーナは恥ずかしくないだろうか
16:55:13.281 | UserDic (1) : [UserDict_@dansun#name.txt:1153] リーナ | 이리나 | (명사) | 
16:55:13.296 | UserDic_Req : リーナは恥ずかしくないだろうか
16:55:13.296 | UserDic (1) : [UserDict_@dansun#name.txt:1153] リーナ | 이리나 | (명사) | 
16:55:13.328 | UserDic_Req : リーナの行為は、淑女として褒められるべき素晴らしいことなのので毛だろうか
16:55:13.328 | UserDic (1) : [UserDict_@dansun#name.txt:1153] リーナ | 이리나 | (명사) | 
16:55:13.375 | UserDic_Req : 頬梦名を乘動の
16:55:13.375 | UserDic (1) : [UserDict_@Hdor#0#req.txt:304] 頬梦名 | 뺨 | (명사) | 
16:55:13.390 | UserDic_Req : 乘動の
16:55:13.406 | UserDic (1) : [UserDict_@Hdor#0#req.txt:4] 乘動 | 動: | (명사) | 
16:55:13.421 | UserDic_Req : まざまざと胸に甦ってしまったから
16:55:13.437 | UserDic (1) : [UserDict_@Hdor#1.txt:9231] まざまざと | 역력하게 | (상용어구) | 
16:55:13.437 | UserDic (2) : [UserDict_@Hdor#1.txt:8916] まざまざ | 역력 | (상용어구) | 
16:55:13.484 | UserDic_Req : 乘動の
16:55:13.484 | UserDic (1) : [UserDict_@Hdor#0#req.txt:4] 乘動 | 動: | (명사) | 
16:55:13.562 | UserDic_Req : その度に申請が必要になる
16:55:13.578 | UserDic (1) : [UserDict_@Hdor#1.txt:8461] その度に | 그때마다 | (상용어구) | 
16:55:13.609 | UserDic_Req : 乘動の
16:55:13.625 | UserDic (1) : [UserDict_@Hdor#0#req.txt:4] 乘動 | 動: | (명사) | 
16:55:13.640 | UserDic_Req : 数日を要する
16:55:13.640 | UserDic (1) : [UserDict_@변환#01일반.txt:177] 数日 | 며칠#M | (상용어구) | VHn
16:55:13.671 | UserDic_Req : 乘動の
16:55:13.687 | UserDic (1) : [UserDict_@Hdor#0#req.txt:4] 乘動 | 動: | (명사) | 
16:55:13.703 | UserDic_Req : 乘動の
16:55:13.703 | UserDic (1) : [UserDict_@Hdor#0#req.txt:4] 乘動 | 動: | (명사) | 
16:55:13.718 | UserDic_Req : 乘動の
16:55:13.734 | UserDic (1) : [UserDict_@Hdor#0#req.txt:4] 乘動 | 動: | (명사) | 
16:55:13.750 | UserDic_Req : 乘名の
16:55:13.765 | UserDic (1) : [UserDict_@Hdor#0#req.txt:2] 乘名 | 名: | (명사) | 
16:55:13.781 | UserDic_Req : 梦名、茶髪に同色の瞳をした侍女が姿を現した
16:55:13.796 | UserDic (1) : [UserDict_@Hdor#0#req.txt:3] 梦名 | #M二 | (명사) | 
16:55:13.828 | UserDic_Req : ぺこりと頭を下げた
16:55:13.843 | UserDic (1) : [UserDict_@Hdor#1.txt:10990] ぺこり | 꾸벅∥r | (상용어구) | 
16:55:13.859 | UserDic_Req : 乘動の
16:55:13.875 | UserDic (1) : [UserDict_@Hdor#0#req.txt:4] 乘動 | 動: | (명사) | 
16:55:13.875 | UserDic_Req : 梦名
16:55:13.890 | UserDic (1) : [UserDict_@Hdor#0#req.txt:3] 梦名 | #M二 | (명사) | 
16:55:13.906 | UserDic_Req : 前梦名からミアに乘動の
16:55:13.906 | UserDic (1) : [UserDict_@Hdor#0#req.txt:13] 前梦名 | 앞 | (명사) | VPl
16:55:13.937 | UserDic_Req : 前梦名からミアに乘動の
16:55:13.937 | UserDic (1) : [UserDict_@Hdor#0#req.txt:13] 前梦名 | 앞 | (명사) | VPl
16:55:14.953 | UserDic_Req : 乘動の
16:55:14.968 | UserDic (1) : [UserDict_@Hdor#0#req.txt:4] 乘動 | 動: | (명사) | 
16:55:14.000 | UserDic_Req : 蔑ろに乘動の
16:55:14.015 | UserDic (1) : [UserDict_@Hdor#1.txt:2934] 蔑ろ | 업신여김 | (명사) | UFl
16:55:14.031 | UserDic_Req : 乘動の
16:55:14.046 | UserDic (1) : [UserDict_@Hdor#0#req.txt:4] 乘動 | 動: | (명사) | 
16:55:14.093 | UserDic_Req : 前梦名だと年頃の少女らしく緩むものだった
16:55:14.093 | UserDic (1) : [UserDict_@Hdor#0#req.txt:13] 前梦名 | 앞 | (명사) | VPl
16:55:14.125 | UserDic_Req : 梦名がなくなってしまうものだけど、町の本屋や図書館を見てきて貰えないだろう
16:55:14.140 | UserDic (1) : [UserDict_@Hdor#0#req.txt:3] 梦名 | #M二 | (명사) | 
16:55:14.187 | UserDic_Req : 乘動の
16:55:14.203 | UserDic (1) : [UserDict_@Hdor#0#req.txt:4] 乘動 | 動: | (명사) | 
16:55:14.265 | UserDic_Req : そもそも、レコット伯爵がお嬢さんをお部屋に閉じ込めたりなさるから
16:55:14.281 | UserDic (1) : [UserDict_@Custom.txt:693] そもそも | 애초에 | (상용어구) | 
16:55:14.343 | UserDic_Req : リーナ・レコット伯爵令嬢も、少しは羞恥心というものはないのでしょうか
16:55:14.359 | UserDic (1) : [UserDict_@dansun#name.txt:1153] リーナ | 이리나 | (명사) | 
16:55:14.375 | UserDic_Req : リーナをそう呼ぶミア
16:55:14.390 | UserDic (1) : [UserDict_@dansun#name.txt:1153] リーナ | 이리나 | (명사) | 
16:55:14.406 | UserDic_Req : リーナの前梦名でミアが隙を見せる事はない
16:55:14.421 | UserDic (1) : [UserDict_@dansun#name.txt:1153] リーナ | 이리나 | (명사) | 
16:55:14.421 | UserDic_Req : 前梦名でミアが隙を見せる事はない
16:55:14.437 | UserDic (1) : [UserDict_@Hdor#0#req.txt:13] 前梦名 | 앞 | (명사) | VPl
16:55:14.484 | UserDic_Req : 梦名にとっての
16:55:14.484 | UserDic (1) : [UserDict_@Hdor#0#req.txt:3] 梦名 | #M二 | (명사) | 
16:55:14.515 | UserDic_Req : 乘動の
16:55:14.515 | UserDic (1) : [UserDict_@Hdor#0#req.txt:4] 乘動 | 動: | (명사) | 
16:55:14.562 | UserDic_Req : びっくり戰戰したのか、侍女は手紙を差し出したまま固まってしまっている
16:55:14.578 | UserDic (1) : [UserDict_@Hdor#0#req.txt:709] びっくり戰戰 | ≪깜짝 놀ㄹㅏㄴ∬&≫ | (상용어구) | 
16:55:14.609 | UserDic_Req : 蔦梦名
16:55:14.625 | UserDic (1) : [UserDict_@Hdor#0#req.txt:180] 蔦梦名 | 담쟁이덩굴 | (명사) | VPt
16:55:14.640 | UserDic_Req : 乘動の
16:55:14.656 | UserDic (1) : [UserDict_@Hdor#0#req.txt:4] 乘動 | 動: | (명사) | 
16:55:14.671 | UserDic_Req : 蔦梦名
16:55:14.687 | UserDic (1) : [UserDict_@Hdor#0#req.txt:180] 蔦梦名 | 담쟁이덩굴 | (명사) | VPt
16:55:14.718 | UserDic_Req : しかしルイゼが個人的に関わりを持つ王族なんてひとりだけだ
16:55:14.718 | UserDic (1) : [UserDict_@변환#01일반.txt:45] しかし | 하지만 | (상용어구) | VHn
16:55:14.750 | UserDic_Req : 前梦名、大勢の人々の前梦名で婚約破棄を宣言し、ルイゼに恥を掻かせた張本人
16:55:14.765 | UserDic (1) : [UserDict_@Hdor#0#req.txt:13] 前梦名 | 앞 | (명사) | VPl
16:55:14.781 | UserDic_Req : 前梦名で婚約破棄を宣言し、ルイゼに恥を掻かせた張本人
16:55:14.781 | UserDic (1) : [UserDict_@Hdor#0#req.txt:13] 前梦名 | 앞 | (명사) | VPl
16:55:14.843 | UserDic_Req : 抽斗
16:55:14.859 | UserDic (1) : [UserDict_@Hdor#1.txt:3263] 抽斗 | 서랍 | (명사) | VFn
16:55:14.890 | UserDic_Req : 抽斗
16:55:14.890 | UserDic (1) : [UserDict_@Hdor#1.txt:3263] 抽斗 | 서랍 | (명사) | VFn
16:55:14.906 | UserDic_Req : しかし自分でも焦っていたのか
16:55:14.921 | UserDic (1) : [UserDict_@변환#01일반.txt:45] しかし | 하지만 | (상용어구) | VHn
16:55:15.984 | UserDic_Req : 乘動の
16:55:15.000 | UserDic (1) : [UserDict_@Hdor#0#req.txt:4] 乘動 | 動: | (명사) | 
16:55:15.015 | UserDic_Req : ルキウス様」
16:55:15.031 | UserDic (1) : [UserDict_@Hdor#name.txt:151] ルキウス | 루키우스#N | (명사) | VHn
16:55:15.046 | UserDic_Req : ルキウス・アルヴェイン
16:55:15.062 | UserDic (1) : [UserDict_@Hdor#name.txt:151] ルキウス | 루키우스#N | (명사) | VHn
16:55:15.078 | UserDic_Req : 乘動の
16:55:15.078 | UserDic (1) : [UserDict_@Hdor#0#req.txt:4] 乘動 | 動: | (명사) | 
16:55:15.109 | UserDic_Req : 前梦名へ
16:55:15.125 | UserDic (1) : [UserDict_@Hdor#0#req.txt:13] 前梦名 | 앞 | (명사) | VPl
16:55:15.140 | UserDic_Req : 作者を応援しましょう
16:55:15.156 | UserDic (1) : [UserDict_@변환#01일반.txt:129] 作者 | 작가 | (상용어구) | VHn
16:55:15.171 | UserDic_Req : 作者を応援しましょう
16:55:15.187 | UserDic (1) : [UserDict_@변환#01일반.txt:129] 作者 | 작가 | (상용어구) | VHn
16:55:15.203 | UserDic_Req : 勝手にランキング
16:55:15.218 | UserDic (1) : [UserDict_@변환#01일반.txt:117] 勝手に | 멋대로 | (상용어구) | VHn
16:55:15.218 | UserDic (2) : [UserDict_@Custom.txt:134] 勝手 | 제멋대로 | (명사) | 
16:55:15.234 | UserDic_Req : 勝手にランキング
16:55:15.250 | UserDic (1) : [UserDict_@변환#01일반.txt:117] 勝手に | 멋대로 | (상용어구) | VHn
16:55:15.265 | UserDic (2) : [UserDict_@Custom.txt:134] 勝手 | 제멋대로 | (명사) | 
16:55:15.281 | UserDic_Req : ランキング
16:55:15.281 | UserDic (1) : [UserDict_@kdr#일반.txt:6] ランキング | 랭크 | (상용어구) | 
16:55:15.296 | UserDic (2) : [UserDict_@dansun#name.txt:1994] ラン | 란 | (명사) | 
16:55:15.328 | UserDic_Req : 梦名関係ありません
16:55:15.343 | UserDic (1) : [UserDict_@Hdor#0#req.txt:3] 梦名 | #M二 | (명사) | 
16:55:15.359 | UserDic_Req : 作者にあります（一部作品除く
16:55:15.375 | UserDic (1) : [UserDict_@변환#01일반.txt:129] 作者 | 작가 | (상용어구) | VHn
16:55:15.390 | UserDic_Req : 作者以外の方による小説の引用を超える無断転載は禁止しており、行った場合、著作権法の違反となります
16:55:15.421 | UserDic (1) : [UserDict_@변환#01일반.txt:129] 作者 | 작가 | (상용어구) | VHn
16:55:15.453 | UserDic_Req : 梦名です
16:55:15.468 | UserDic (1) : [UserDict_@Hdor#0#req.txt:3] 梦名 | #M二 | (명사) | 
16:55:15.500 | UserDic_Req : 戰文字を読むと思う
16:55:15.500 | UserDic (1) : [UserDict_@Hdor#0#req.txt:564] 戰文字 | @@문자 | (명사) | 
16:55:15.546 | UserDic_Req : 梦名関係ありません
16:55:15.546 | UserDic (1) : [UserDict_@Hdor#0#req.txt:3] 梦名 | #M二 | (명사) | 
16:55:15.578 | UserDic_Req : 作者にあります（一部作品除く
16:55:15.593 | UserDic (1) : [UserDict_@변환#01일반.txt:129] 作者 | 작가 | (상용어구) | VHn
16:55:15.609 | UserDic_Req : 作者以外の方による小説の引用を超える無断転載は禁止しており、行った場合、著作権法の違反となります
16:55:15.625 | UserDic (1) : [UserDict_@변환#01일반.txt:129] 作者 | 작가 | (상용어구) | VHn
16:55:15.640 | UserDic_Req : 作者マイページ
16:55:15.656 | UserDic (1) : [UserDict_@변환#01일반.txt:129] 作者 | 작가 | (상용어구) | VHn
16:55:15.671 | UserDic_Req : バック
16:55:15.671 | UserDic (1) : [UserDict_@Hdor#1.txt:6125] バック | 백 | (명사) | 
16:55:15.703 | J2K_TranslateMMNT : --- Elasped Time : 4437ms ---
16:55:15.703 | [TRANS]  ↓#_#_# 로그인#_#_# 소설 정보#_#_# 감상#_#_# 리뷰#_#_# 세로 쓰기 PDF#_#_# 북마크에 추가#_#_# 표시 조정#_#_# 북마크 등록하는 경우는#_#_#  로그인#_#_# 해 주세요. #_#_# 로그인#_#_# 약혼 파기된 대역 따님, 첫사랑의##연상 왕자에게 ≪몹시 사랑ㅎㅏㄴ∬&≫ 된다　~원약혼자가 복연 해 주고와 매일 땅에 엎드려 조아림해 옵니다만, 당신의 상대를 하고 있는 여유는 없습니다∼#_#_# 하루나 사발#_#_# &lt;&lt;? 앞에#_#_# 다음에? &gt;&gt;#_#_# 2/56#_#_# 제2화. 그리운 이름#_#_# 「⌒. 누님#N, 加:의:나의 대역이 되어 주시지 않아?」#_#_# 그것은, 마법 학원에 입학해 名:의:кeAшuA чaGчaA#M二의 일. #_#_# 갑자기 그런 일을 말하기 시작한 여동생의 이리나에, 르이제는 곤혹했다. #_#_# 「……이리나, 그것은 어떤 의미?」#_#_# 「말의 의미 그대로야. 나, 하나 하나 테스트라든지 받는 것 귀찮아. 누님#N는 공부만은 단골 손님이라고 하기 때문에,#_#_#   원#_#_#   (#_#_#   ·#_#_#   )#_#_##_#_#   (#_#_#   ·#_#_#   )#_#_#   구#_#_#   (#_#_#   ·#_#_#   )#_#_#   해#_#_#   (#_#_#   ·#_#_#   )#_#_#   의#_#_#   (#_#_#   ·#_#_#   )#_#_#   진#_#_#   (#_#_#   ·#_#_#   )#_#_##_#_#   (#_#_#   ·#_#_#   )#_#_#   를#_#_#   (#_#_#   ·#_#_#   )#_#_#   해#_#_#   (#_#_#   ·#_#_#   )#_#_#   라고#_#_#   (#_#_#   ·#_#_#   )#_#_#   시#_#_#   (#_#_#   ·#_#_#   )#_#_#   험#_#_#   (#_#_#   ·#_#_#   )#_#_#   에#_#_#   (#_#_#   ...
16:55:15.921 | PostFIlter : [PostFilter_@Hdor_User01일반.txt:39] | 없기 때문에 | 없기에 | 777 | 0
16:55:15.937 | PostFIlter : [PostFilter_@Hdor_User01일반.txt:40] | 있기 때문에 | 있기에 | 777 | 0
16:55:15.953 | PostFIlter : [PostFilter_@Hdor_User01일반.txt:48] | 라고 하는 | 라는 | 777 | 0
16:55:16.968 | PostFIlter : [PostFilter_@Hdor_User01일반.txt:105] | 에 대해서는 | 에 대해@@서는 | 777 | 0
16:55:16.984 | PostFIlter : [PostFilter_@Hdor_User01일반.txt:125] | 와 같이 | 같이 | 777 | 0
16:55:16.984 | PostFIlter : [PostFilter_@Hdor_User01일반.txt:141] | 이제(벌써) | 이제(이미/벌써/더는/정말) | 777 | 0
16:55:16.015 | PostFIlter : [PostFilter_@Hdor_User.txt:387] | 일절 | 일절## | 10000000 | 0
16:55:16.031 | PostFIlter : [PostFilter_@Hdor_User.txt:607] | 있었다와 | 있었다고 | 10000000 | 0
16:55:16.031 | PostFIlter : [PostFilter_@Hdor_User.txt:716] | 본§본(?<![기근일교].{3}) | 책#M | 10000000 | 1
16:55:16.046 | PostFIlter : [PostFilter_@Hdor_C.txt:296] | [г-ё][a-u](?=[A-Z01]) | ▂$0▂ | 10000010 | 1
16:55:16.062 | PostFIlter : [PostFilter_@Hdor_C.txt:298] | ▂г | ㄱ | 10000010 | 0
16:55:16.078 | PostFIlter : [PostFilter_@Hdor_C.txt:299] | ▂д | ㄲ | 10000010 | 0
16:55:16.093 | PostFIlter : [PostFilter_@Hdor_C.txt:300] | ▂ж | ㄴ | 10000010 | 0
16:55:16.109 | PostFIlter : [PostFilter_@Hdor_C.txt:301] | ▂з | ㄷ | 10000010 | 0
16:55:16.125 | PostFIlter : [PostFilter_@Hdor_C.txt:302] | ▂и | ㄸ | 10000010 | 0
16:55:16.125 | PostFIlter : [PostFilter_@Hdor_C.txt:303] | ▂й | ㄹ | 10000010 | 0
16:55:16.140 | PostFIlter : [PostFilter_@Hdor_C.txt:304] | ▂к | ㅁ | 10000010 | 0
16:55:16.156 | PostFIlter : [PostFilter_@Hdor_C.txt:305] | ▂л | ㅂ | 10000010 | 0
16:55:16.171 | PostFIlter : [PostFilter_@Hdor_C.txt:307] | ▂ф | ㅅ | 10000010 | 0
16:55:16.171 | PostFIlter : [PostFilter_@Hdor_C.txt:309] | ▂ч | ㅇ | 10000010 | 0
16:55:16.187 | PostFIlter : [PostFilter_@Hdor_C.txt:310] | ▂ш | ㅈ | 10000010 | 0
16:55:16.203 | PostFIlter : [PostFilter_@Hdor_C.txt:312] | ▂ъ | ㅊ | 10000010 | 0
16:55:16.218 | PostFIlter : [PostFilter_@Hdor_C.txt:313] | ▂ы | ㅋ | 10000010 | 0
16:55:16.234 | PostFIlter : [PostFilter_@Hdor_C.txt:316] | ▂ё | ㅎ | 10000010 | 0
16:55:16.234 | PostFIlter : [PostFilter_@Hdor_C.txt:318] | a▂ | ㅏ▂ | 10000010 | 0
16:55:16.250 | PostFIlter : [PostFilter_@Hdor_C.txt:319] | b▂ | ㅐ▂ | 10000010 | 0
16:55:16.265 | PostFIlter : [PostFilter_@Hdor_C.txt:322] | e▂ | ㅓ▂ | 10000010 | 0
16:55:16.281 | PostFIlter : [PostFilter_@Hdor_C.txt:323] | f▂ | ㅔ▂ | 10000010 | 0
16:55:16.296 | PostFIlter : [PostFilter_@Hdor_C.txt:324] | g▂ | ㅕ▂ | 10000010 | 0
16:55:16.312 | PostFIlter : [PostFilter_@Hdor_C.txt:326] | i▂ | ㅗ▂ | 10000010 | 0
16:55:16.312 | PostFIlter : [PostFilter_@Hdor_C.txt:329] | l▂ | ㅚ▂ | 10000010 | 0
16:55:16.328 | PostFIlter : [PostFilter_@Hdor_C.txt:330] | m▂ | ㅛ▂ | 10000010 | 0
16:55:16.343 | PostFIlter : [PostFilter_@Hdor_C.txt:331] | n▂ | ㅜ▂ | 10000010 | 0
16:55:16.359 | PostFIlter : [PostFilter_@Hdor_C.txt:334] | q▂ | ㅟ▂ | 10000010 | 0
16:55:16.375 | PostFIlter : [PostFilter_@Hdor_C.txt:336] | s▂ | ㅡ▂ | 10000010 | 0
16:55:16.375 | PostFIlter : [PostFilter_@Hdor_C.txt:338] | u▂ | ㅣ▂ | 10000010 | 0
16:55:16.390 | PostFIlter : [PostFilter_@Hdor_C.txt:340] | ▂A | _ | 10000010 | 0
16:55:16.406 | PostFIlter : [PostFilter_@Hdor_C.txt:341] | ▂B | ㄱ | 10000010 | 0
16:55:16.406 | PostFIlter : [PostFilter_@Hdor_C.txt:344] | ▂E | ㄴ | 10000010 | 0
16:55:16.421 | PostFIlter : [PostFilter_@Hdor_C.txt:346] | ▂G | ㄶ | 10000010 | 0
16:55:16.437 | PostFIlter : [PostFilter_@Hdor_C.txt:347] | ▂H | ㄷ | 10000010 | 0
16:55:16.453 | PostFIlter : [PostFilter_@Hdor_C.txt:348] | ▂I | ㄹ | 10000010 | 0
16:55:16.453 | PostFIlter : [PostFilter_@Hdor_C.txt:356] | ▂Q | ㅁ | 10000010 | 0
16:55:16.468 | PostFIlter : [PostFilter_@Hdor_C.txt:357] | ▂R | ㅂ | 10000010 | 0
16:55:16.484 | PostFIlter : [PostFilter_@Hdor_C.txt:359] | ▂T | ㅅ | 10000010 | 0
16:55:16.484 | PostFIlter : [PostFilter_@Hdor_C.txt:361] | ▂V | ㅇ | 10000010 | 0
16:55:16.500 | PostFIlter : [PostFilter_@Hdor_C.txt:362] | ▂W | ㅈ | 10000010 | 0
16:55:16.515 | PostFIlter : [PostFilter_@Hdor_C.txt:365] | ▂Z | ㅌ | 10000010 | 0
16:55:16.515 | PostFIlter : [PostFilter_@Hdor.txt:26] | 　 |   | 10101099 | 1
16:55:16.531 | PostFIlter : [PostFilter_@Hdor.txt:27] |  {2,}(?!⌒| ) |   | 10101099 | 1
16:55:16.546 | PostFIlter : [PostFilter_@Hdor.txt:31] | ∼ | ~ | 10101100 | 0
16:55:16.562 | PostFIlter : [PostFilter_@Hdor.txt:34] |  (?=#[NM]|p[0-9A-Z]&) |  | 10101100 | 1
16:55:16.562 | PostFIlter : [PostFilter_@Hdor.txt:35] | @j ?, ? |  | 10101100 | 1
16:55:16.578 | PostFIlter : [PostFilter_@Hdor.txt:38] | :(?<=[名動形加].)[가-힣 ]{0,3}: ? | : | 10101100 | 1
16:55:16.593 | PostFIlter : [PostFilter_@Hdor.txt:41] | 名: |  | 10101200 | 0
16:55:16.609 | PostFIlter : [PostFilter_@Hdor.txt:42] | #([MN])二?(?:#[MN])?二 | #$1 | 10101200 | 1
16:55:16.609 | PostFIlter : [PostFilter_@Hdor.txt:61] | [動形]:(.+?[∫∬])[\. ]*((?:계속|너무|다시?|마구|서로) )?(?:발|차[단지]|노래|동요|일|방지|경작|존경|애도|분|가난|좋아|자세 ?)? | $2$1 | 10120100 | 1
16:55:16.640 | PostFIlter : [PostFilter_@Hdor.txt:138] | ≪([^≫]+?)&≫ ?(계속 |너무 |다시? |마구 |서로 )? | $2$1 | 10130100 | 1
16:55:16.656 | PostFIlter : [PostFilter_@Hdor.txt:145] | ∬된 | ∬해진 | 10130110 | 0
16:55:16.671 | PostFIlter : [PostFilter_@Hdor.txt:158] | 했(?<=[∫∬].) | 해ㅆ | 10130200 | 1
16:55:16.687 | PostFIlter : [PostFilter_@Hdor.txt:190] | ㄴㅡㄴ∬하 |  | 10210110 | 0
16:55:16.687 | PostFIlter : [PostFilter_@Hdor.txt:191] | ㄴㅡㄴ∬한  | 은  | 10210110 | 0
16:55:16.703 | PostFIlter : [PostFilter_@Hdor.txt:200] | _ㄹㅡㄴ∬해 | ㄹㄹㅓ_ | 10210110 | 0
16:55:16.718 | PostFIlter : [PostFilter_@Hdor.txt:205] | ㅗㄴ∬해(?<=[ㅂㅇ].{4}) | ㅘ_ | 10210110 | 1
16:55:16.734 | PostFIlter : [PostFilter_@Hdor.txt:210] | ㅡㄴ∬해 | ㅓ_ | 10210110 | 0
16:55:16.750 | PostFIlter : [PostFilter_@Hdor.txt:214] | ㅎㅏㄴ∬해 | ㅎㅐ_ | 10210110 | 0
16:55:16.750 | PostFIlter : [PostFilter_@Hdor.txt:217] | ㅣㄴ∬해 | ㅕ_ | 10210110 | 0
16:55:16.765 | PostFIlter : [PostFilter_@Hdor.txt:218] | ㄴ∬해 | _ | 10210110 | 0
16:55:16.781 | PostFIlter : [PostFilter_@Hdor.txt:222] | ㄹ∬하(?=[네는사-싷])(?!는@1ㄱㅔ) | _ | 10210110 | 1
16:55:16.796 | PostFIlter : [PostFilter_@Hdor.txt:238] | ㅅㅣ_∬하는 | ㅅㅣㄴ | 10210110 | 0
16:55:16.812 | PostFIlter : [PostFilter_@Hdor.txt:247] | [_ㄴ]∬하 | _ | 10210110 | 1
16:55:16.812 | PostFIlter : [PostFilter_@Hdor.txt:248] | [_ㄴㄹ]∬한 | ㄴ | 10210110 | 1
16:55:16.828 | PostFIlter : [PostFilter_@Hdor.txt:249] | [_ㄴㄹ]∬할 | ㄹ | 10210110 | 1
16:55:16.843 | PostFIlter : [PostFilter_@Hdor.txt:255] | ∬#M | _MATCH_CHECK | 10220110 | 0
16:55:16.859 | PostFIlter : [PostFilter_@Hdor.txt:286] | ㄴ∬#M | ㅁ#M | 10220110 | 0
16:55:16.859 | PostFIlter : [PostFilter_@Hdor.txt:381] | _ㅆ(?![ㅏ-ㅣ]) | ㅆ | 10990100 | 1
16:55:16.875 | PostFIlter : [PostFilter_@Hdor_C.txt:370] | ㄱㅏ_ | 가 | 10999010 | 0
16:55:16.890 | PostFIlter : [PostFilter_@Hdor_C.txt:406] | ㄱㅓ_ | 거 | 10999010 | 0
16:55:16.906 | PostFIlter : [PostFilter_@Hdor_C.txt:421] | ㄱㅔ_ | 게 | 10999010 | 0
16:55:16.906 | PostFIlter : [PostFilter_@Hdor_C.txt:528] | ㄱㅡㅂ | 급 | 10999010 | 0
16:55:16.921 | PostFIlter : [PostFilter_@Hdor_C.txt:532] | ㄱㅣ_ | 기 | 10999010 | 0
16:55:16.937 | PostFIlter : [PostFilter_@Hdor_C.txt:573] | ㄲㅓㄹ | 껄 | 10999020 | 0
16:55:16.953 | PostFIlter : [PostFilter_@Hdor_C.txt:623] | ㄲㅜㅁ | 꿈 | 10999020 | 0
16:55:17.953 | PostFIlter : [PostFilter_@Hdor_C.txt:667] | ㄴㅏ_ | 나 | 10999030 | 0
16:55:17.968 | PostFIlter : [PostFilter_@Hdor_C.txt:675] | ㄴㅏㅁ | 남 | 10999030 | 0
16:55:17.984 | PostFIlter : [PostFilter_@Hdor_C.txt:684] | ㄴㅐ_ | 내 | 10999030 | 0
16:55:17.000 | PostFIlter : [PostFilter_@Hdor_C.txt:763] | ㄴㅜㄴ | 눈 | 10999030 | 0
16:55:17.000 | PostFIlter : [PostFilter_@Hdor_C.txt:810] | ㄷㅏ_ | 다 | 10999040 | 0
16:55:17.015 | PostFIlter : [PostFilter_@Hdor_C.txt:815] | ㄷㅏㄹ | 달 | 10999040 | 0
16:55:17.031 | PostFIlter : [PostFilter_@Hdor_C.txt:828] | ㄷㅐ_ | 대 | 10999040 | 0
16:55:17.046 | PostFIlter : [PostFilter_@Hdor_C.txt:872] | ㄷㅗㄹ | 돌 | 10999040 | 0
16:55:17.046 | PostFIlter : [PostFilter_@Hdor_C.txt:888] | ㄷㅚ_ | 되 | 10999040 | 0
16:55:17.062 | PostFIlter : [PostFilter_@Hdor_C.txt:895] | ㄷㅜ_ | 두 | 10999040 | 0
16:55:17.078 | PostFIlter : [PostFilter_@Hdor_C.txt:898] | ㄷㅜㄹ | 둘 | 10999040 | 0
16:55:17.078 | PostFIlter : [PostFilter_@Hdor_C.txt:907] | ㄷㅟ_ | 뒤 | 10999040 | 0
16:55:17.093 | PostFIlter : [PostFilter_@Hdor_C.txt:918] | ㄷㅡ_ | 드 | 10999040 | 0
16:55:17.109 | PostFIlter : [PostFilter_@Hdor_C.txt:926] | ㄷㅡㅅ | 듯 | 10999040 | 0
16:55:17.125 | PostFIlter : [PostFilter_@Hdor_C.txt:968] | ㄸㅓㅆ | 떴 | 10999050 | 0
16:55:17.125 | PostFIlter : [PostFilter_@Hdor_C.txt:982] | ㄸㅗ_ | 또 | 10999050 | 0
16:55:17.140 | PostFIlter : [PostFilter_@Hdor_C.txt:1026] | ㄹㅏ_ | 라 | 10999060 | 0
16:55:17.156 | PostFIlter : [PostFilter_@Hdor_C.txt:1033] | ㄹㅏㅆ | 랐 | 10999060 | 0
16:55:17.171 | PostFIlter : [PostFilter_@Hdor_C.txt:1052] | ㄹㅓ_ | 러 | 10999060 | 0
16:55:17.171 | PostFIlter : [PostFilter_@Hdor_C.txt:1070] | ㄹㅕ_ | 려 | 10999060 | 0
16:55:17.187 | PostFIlter : [PostFilter_@Hdor_C.txt:1083] | ㄹㅗ_ | 로 | 10999060 | 0
16:55:17.203 | PostFIlter : [PostFilter_@Hdor_C.txt:1135] | ㄹㅡ_ | 르 | 10999060 | 0
16:55:17.218 | PostFIlter : [PostFilter_@Hdor_C.txt:1138] | ㄹㅡㄹ | 를 | 10999060 | 0
16:55:17.218 | PostFIlter : [PostFilter_@Hdor_C.txt:1146] | ㄹㅣ_ | 리 | 10999060 | 0
16:55:17.234 | PostFIlter : [PostFilter_@Hdor_C.txt:1149] | ㄹㅣㄹ | 릴 | 10999060 | 0
16:55:17.250 | PostFIlter : [PostFilter_@Hdor_C.txt:1154] | ㅁㅏ_ | 마 | 10999070 | 0
16:55:17.265 | PostFIlter : [PostFilter_@Hdor_C.txt:1159] | ㅁㅏㄹ | 말 | 10999070 | 0
16:55:17.265 | PostFIlter : [PostFilter_@Hdor_C.txt:1166] | ㅁㅏㅈ | 맞 | 10999070 | 0
16:55:17.281 | PostFIlter : [PostFilter_@Hdor_C.txt:1183] | ㅁㅓ_ | 머 | 10999070 | 0
16:55:17.296 | PostFIlter : [PostFilter_@Hdor_C.txt:1240] | ㅁㅜㄴ | 문 | 10999070 | 0
16:55:17.312 | PostFIlter : [PostFilter_@Hdor_C.txt:1274] | ㅁㅣㄹ | 밀 | 10999070 | 0
16:55:17.312 | PostFIlter : [PostFilter_@Hdor_C.txt:1283] | ㅂㅏ_ | 바 | 10999080 | 0
16:55:17.328 | PostFIlter : [PostFilter_@Hdor_C.txt:1353] | ㅂㅘ_ | 봐 | 10999080 | 0
16:55:17.343 | PostFIlter : [PostFilter_@Hdor_C.txt:1355] | ㅂㅘㅆ | 봤 | 10999080 | 0
16:55:17.359 | PostFIlter : [PostFilter_@Hdor_C.txt:1377] | ㅂㅜㅌ | 붙 | 10999080 | 0
16:55:17.375 | PostFIlter : [PostFilter_@Hdor_C.txt:1594] | ㅅㅜ_ | 수 | 10999110 | 0
16:55:17.390 | PostFIlter : [PostFilter_@Hdor_C.txt:1634] | ㅅㅡㅂ | 습 | 10999110 | 0
16:55:17.390 | PostFIlter : [PostFilter_@Hdor_C.txt:1638] | ㅅㅣㄱ | 식 | 10999110 | 0
16:55:17.406 | PostFIlter : [PostFilter_@Hdor_C.txt:1639] | ㅅㅣㄴ | 신 | 10999110 | 0
16:55:17.421 | PostFIlter : [PostFilter_@Hdor_C.txt:1734] | ㅇㅏ_ | 아 | 10999130 | 0
16:55:17.421 | PostFIlter : [PostFilter_@Hdor_C.txt:1738] | ㅇㅏㄶ | 않 | 10999130 | 0
16:55:17.437 | PostFIlter : [PostFilter_@Hdor_C.txt:1775] | ㅇㅓ_ | 어 | 10999130 | 0
16:55:17.453 | PostFIlter : [PostFilter_@Hdor_C.txt:1779] | ㅇㅓㄷ | 얻 | 10999130 | 0
16:55:17.468 | PostFIlter : [PostFilter_@Hdor_C.txt:1792] | ㅇㅔ_ | 에 | 10999130 | 0
16:55:17.468 | PostFIlter : [PostFilter_@Hdor_C.txt:1798] | ㅇㅔㅅ | 엣 | 10999130 | 0
16:55:17.484 | PostFIlter : [PostFilter_@Hdor_C.txt:1800] | ㅇㅕ_ | 여 | 10999130 | 0
16:55:17.500 | PostFIlter : [PostFilter_@Hdor_C.txt:1801] | ㅇㅕㄱ | 역 | 10999130 | 0
16:55:17.515 | PostFIlter : [PostFilter_@Hdor_C.txt:1812] | ㅇㅕㅇ | 영 | 10999130 | 0
16:55:17.515 | PostFIlter : [PostFilter_@Hdor_C.txt:1843] | ㅇㅘㅆ | 왔 | 10999130 | 0
16:55:17.531 | PostFIlter : [PostFilter_@Hdor_C.txt:1859] | ㅇㅛ_ | 요 | 10999130 | 0
16:55:17.546 | PostFIlter : [PostFilter_@Hdor_C.txt:1912] | ㅇㅡㄹ | 을 | 10999130 | 0
16:55:17.546 | PostFIlter : [PostFilter_@Hdor_C.txt:1914] | ㅇㅡㅁ | 음 | 10999130 | 0
16:55:17.562 | PostFIlter : [PostFilter_@Hdor_C.txt:1929] | ㅇㅣ_ | 이 | 10999130 | 0
16:55:17.578 | PostFIlter : [PostFilter_@Hdor_C.txt:1932] | ㅇㅣㄹ | 일 | 10999130 | 0
16:55:17.578 | PostFIlter : [PostFilter_@Hdor_C.txt:1943] | ㅈㅏ_ | 자 | 10999140 | 0
16:55:17.593 | PostFIlter : [PostFilter_@Hdor_C.txt:1950] | ㅈㅏㅁ | 잠 | 10999140 | 0
16:55:17.609 | PostFIlter : [PostFilter_@Hdor_C.txt:1951] | ㅈㅏㅂ | 잡 | 10999140 | 0
16:55:17.625 | PostFIlter : [PostFilter_@Hdor_C.txt:1954] | ㅈㅏㅇ | 장 | 10999140 | 0
16:55:17.625 | PostFIlter : [PostFilter_@Hdor_C.txt:1975] | ㅈㅓ_ | 저 | 10999140 | 0
16:55:17.640 | PostFIlter : [PostFilter_@Hdor_C.txt:1983] | ㅈㅓㅇ | 정 | 10999140 | 0
16:55:17.656 | PostFIlter : [PostFilter_@Hdor_C.txt:2069] | ㅈㅣ_ | 지 | 10999140 | 0
16:55:17.656 | PostFIlter : [PostFilter_@Hdor_C.txt:2195] | ㅊㅓㄹ | 철 | 10999160 | 0
16:55:17.671 | PostFIlter : [PostFilter_@Hdor_C.txt:2250] | ㅊㅟ_ | 취 | 10999160 | 0
16:55:17.687 | PostFIlter : [PostFilter_@Hdor_C.txt:2376] | ㅋㅡ_ | 크 | 10999170 | 0
16:55:17.703 | PostFIlter : [PostFilter_@Hdor_C.txt:2603] | ㅎㅏ_ | 하 | 10999210 | 0
16:55:17.703 | PostFIlter : [PostFilter_@Hdor_C.txt:2605] | ㅎㅏㄴ | 한 | 10999210 | 0
16:55:17.718 | PostFIlter : [PostFilter_@Hdor_C.txt:2612] | ㅎㅐ_ | 해 | 10999210 | 0
16:55:17.734 | PostFIlter : [PostFilter_@Hdor_C.txt:2705] | ㅎㅟ_ | 휘 | 10999210 | 0
16:55:17.750 | PostFIlter : [PostFilter_@Hdor.txt:467] | [\. ]*@([0-9])(.*?)([0-9])# ? | $1✘$2✘$3 | 11210100 | 1
16:55:17.765 | PostFIlter : [PostFilter_@Hdor.txt:471] | .{3}3✘ |  | 11210110 | 1
16:55:17.765 | PostFIlter : [PostFilter_@Hdor.txt:472] | .{4}4✘ |  | 11210110 | 1
16:55:17.781 | PostFIlter : [PostFilter_@Hdor.txt:474] | ✘1.{1} |  | 11210110 | 1
16:55:17.796 | PostFIlter : [PostFilter_@Hdor.txt:475] | ✘2.{2} |  | 11210110 | 1
16:55:17.796 | PostFIlter : [PostFilter_@Hdor.txt:479] | ✘0 |  | 11210110 | 0
16:55:17.812 | PostFIlter : [PostFilter_@Hdor.txt:480] | 0✘ |  | 11210110 | 0
16:55:17.828 | PostFIlter : [PostFilter_@Hdor.txt:483] |  ?@@ ? |  | 11210200 | 1
16:55:17.828 | PostFIlter : [PostFilter_@Hdor.txt:484] |  ?## ? |   | 11210200 | 1
16:55:17.843 | PostFIlter : [PostFilter_@Hdor.txt:485] | [\.\,] ?@[\.\,] ? |  | 11210200 | 1
16:55:17.859 | PostFIlter : [PostFilter_@Hdor.txt:486] | [\.\,] ?#[\.\,] ? |   | 11210200 | 1
16:55:17.859 | PostFIlter : [PostFilter_@Hdor.txt:493] | \. ⌒(?=[》\)’”」]) |  | 11310100 | 1
16:55:17.875 | PostFIlter : [PostFilter_@Hdor.txt:494] | ⌒\.(?<=[「“‘\(《♪★☆].{2}) ? |  | 11310100 | 1
16:55:17.890 | PostFIlter : [PostFilter_@Hdor.txt:499] | 「 ? | Ⓐ | 11410100 | 1
16:55:17.906 | PostFIlter : [PostFilter_@Hdor.txt:503] | ( | Ⓔ | 11410100 | 0
16:55:17.921 | PostFIlter : [PostFilter_@Hdor.txt:510] | . | Ⓝ | 11410100 | 0
16:55:17.921 | PostFIlter : [PostFilter_@Hdor.txt:511] | ? | Ⓞ | 11410100 | 0
16:55:17.937 | PostFIlter : [PostFilter_@Hdor.txt:512] | ! | Ⓟ | 11410100 | 0
16:55:17.953 | PostFIlter : [PostFilter_@Hdor.txt:513] | , | Ⓠ | 11410100 | 0
16:55:18.953 | PostFIlter : [PostFilter_@Hdor.txt:514] | … | Ⓡ | 11410100 | 0
16:55:18.968 | PostFIlter : [PostFilter_@Hdor.txt:516] | ― | Ⓣ | 11410100 | 0
16:55:18.968 | PostFIlter : [PostFilter_@Hdor.txt:518] | ) | Ⓥ | 11410100 | 0
16:55:18.984 | PostFIlter : [PostFilter_@Hdor.txt:522] |  ?」 | Ⓩ | 11410100 | 1
16:55:18.000 | PostFIlter : [PostFilter_@Hdor.txt:529] | ([가-힣]) (?=[Ⓐ-Ⓩ])(?!Ⓔ) | $1 | 11510100 | 1
16:55:18.015 | PostFIlter : [PostFilter_@Hdor.txt:530] |  (?<=[Ⓐ-ⓊⓌ-Ⓩ].)(?=[가-힣]) |  | 11510100 | 1
16:55:18.031 | PostFIlter : [PostFilter_@Hdor.txt:4487] | ∥r | _MATCH_CHECK | 12101100 | 0
16:55:18.031 | PostFIlter : [PostFilter_@Hdor.txt:4491] | ∥[trd](?=[는를였]|구나|군요|니까|라고(?:[는든]| 생각| [하한할합해했])|라[도든]|로 ?부터|로 [되된될됩밖변]|야말로|예요|[가다란야][ Ⓖ-Ⓩ]) | #M | 12101100 | 1
16:55:18.078 | PostFIlter : [PostFilter_@Hdor.txt:577] | Ⓔ으Ⓥ로 | 로 | 12110100 | 0
16:55:18.078 | PostFIlter : [PostFilter_@Hdor.txt:579] | Ⓔ을Ⓥ를 | 를 | 12110100 | 0
16:55:18.093 | PostFIlter : [PostFilter_@Hdor.txt:623] | 면Ⓔ자Ⓥ | 면 | 12110100 | 0
16:55:18.109 | PostFIlter : [PostFilter_@Hdor.txt:657] | 이라고(?<=[는은].{3}) 하면 | 이라고 한다면 | 12110100 | 1
16:55:18.125 | PostFIlter : [PostFilter_@Hdor.txt:874] | 加: | _MATCH_CHECK | 12210310 | 0
16:55:18.140 | PostFIlter : [PostFilter_@Hdor.txt:900] | 加: |  | 12210310 | 0
16:55:18.140 | PostFIlter : [PostFilter_@Hdor.txt:931] | 것의로 털 | 것#M | 12210400 | 0
16:55:18.156 | PostFIlter : [PostFilter_@Hdor.txt:1004] | 없으면ⓃpD&To: | 없다고 | 12310110 | 0
16:55:18.171 | PostFIlter : [PostFilter_@Hdor.txt:1072] |  것이다ⓃpC&Ksr: | 까 | 12310210 | 0
16:55:18.187 | PostFIlter : [PostFilter_@Hdor.txt:1151] | 라고ⓃpC&Dtk: | 라든가 | 12310210 | 0
16:55:18.203 | PostFIlter : [PostFilter_@Hdor.txt:1402] | (고|구나|어라|요)ⓃpC&Hnn: | $1 | 12310210 | 1
16:55:18.218 | PostFIlter : [PostFilter_@Hdor.txt:1472] | [은는]ⓃpA&Ngg: |  같은거 | 12310410 | 1
16:55:18.234 | PostFIlter : [PostFilter_@Hdor.txt:1666] | Ⓝp7&Kuhamo: |   | 12310710 | 0
16:55:18.250 | PostFIlter : [PostFilter_@Hdor.txt:2388] | 제의Ⓔ신청Ⓥ | 의사표현 | 15310100 | 0
16:55:18.265 | PostFIlter : [PostFilter_@Hdor.txt:3264] | 듯하게 | 듯이 | 17310100 | 0
16:55:18.281 | PostFIlter : [PostFilter_@Hdor_User.txt:1541] | 세 | _MATCH_CHECK | 19010001 | 0
16:55:18.281 | PostFIlter : [PostFilter_@Hdor.txt:3379] | #(?<=([가-힣]).)[MN](?=[가-힣]) | $0▂$1 | 19010100 | 1
16:55:18.296 | PostFIlter : [PostFilter_@Hdor.txt:3384] | #M | _MATCH_CHECK | 19010110 | 0
16:55:18.312 | PostFIlter : [PostFilter_@Hdor.txt:3385] | #N | _MATCH_CHECK | 19010110 | 0
16:55:18.328 | PostFIlter : [PostFilter_@Hdor.txt:3387] | #([MN])▂[가개갸거게겨계고과괘괴교구궈귀규그긔기까깨꺄꺼께껴꼐꼬꽈꽤꾀꾜꾸꿔뀌뀨끄끼나내냐너네녀녜노놔뇌뇨누눠눼뉘뉴느늬니다대댜더데뎌뎨도돠돼되됴두둬뒈뒤듀드듸디따때떠떼뗘똬뙈뙤뚜뛔뛰뜨띄띠라래랴러레려례로롸뢰료루뤠뤼류르리마매먀머메] | #$1x | 19010110 | 1
16:55:18.359 | PostFIlter : [PostFilter_@Hdor.txt:3388] | #([MN])▂[며몌모뫄뫼묘무뭐뭬뮈뮤므미바배뱌버베벼볘보봐뵈뵤부붸뷰브비빠빼뺘뻐뻬뼈뽀뾔뾰뿌쀼쁘삐사새샤섀서세셔셰소솨쇄쇠쇼수숴쉐쉬슈스시싸쌔써쎄쏘쏴쐐쐬쑈쑤쒀쒜쒸쓰씌씨아애야얘어에여예오와왜외요우워웨위유으의이자재쟈저제져졔조좌좨죄죠주줘] | #$1x | 19010110 | 1
16:55:18.406 | PostFIlter : [PostFilter_@Hdor.txt:3389] | #([MN])▂[줴쥐쥬즈지짜째쨔쩌쩨쪼쫘쫴쬐쭈쭤쮜쮸쯔찌차채챠처체쳐쳬초촤최쵸추춰췌취츄츠치카캐캬커케켜켸코콰쾌쾨쿄쿠쿼퀘퀴큐크키타태탸터테텨토퇘퇴툐투퉈퉤튀튜트틔티파패퍄퍼페펴폐포퐈푀표푸퓌퓨프피하해햐허헤혀혜호화홰회효후훠훼휘휴흐희히] | #$1x | 19010110 | 1
16:55:18.453 | PostFIlter : [PostFilter_@Hdor.txt:3405] | ▂[가-힣](?<=#[MN].{2}) |  | 19010110 | 1
16:55:18.468 | PostFIlter : [PostFilter_@Hdor.txt:3407] | #M는 | 은 | 19010110 | 0
16:55:18.468 | PostFIlter : [PostFilter_@Hdor.txt:3408] | #N는 | 은 | 19010110 | 0
16:55:18.484 | PostFIlter : [PostFilter_@Hdor.txt:3409] | #M를 | 을 | 19010110 | 0
16:55:18.500 | PostFIlter : [PostFilter_@Hdor.txt:3413] | #M가(?=[ Ⓐ-Ⓩ]) | 이 | 19010110 | 1
16:55:18.515 | PostFIlter : [PostFilter_@Hdor.txt:3414] | #N가(?=[ Ⓐ-Ⓩ]) | 이 | 19010110 | 1
16:55:18.515 | PostFIlter : [PostFilter_@Hdor.txt:3446] | #[MN]x? |  | 19010110 | 1
16:55:18.531 | PostFIlter : [PostFilter_@Hdor.txt:3498] | 뿐Ⓔ만큼Ⓥ(?<=[될볼을할] .{5})(?=이[었지겠]|일) | 뿐 | 19020100 | 1
16:55:18.546 | PostFIlter : [PostFilter_@Hdor.txt:3511] |  ?만일 수 있는(?=[은이인]| ) | 만 | 19020100 | 1
16:55:18.562 | PostFIlter : [PostFilter_@Hdor_User.txt:237] | 목론 보고 | 계획 | 20000000 | 0
16:55:18.578 | PostFIlter : [PostFilter_@Hdor_User.txt:644] | 몇번 | 몇 번 | 20000000 | 0
16:55:18.593 | PostFIlter : [PostFilter_@Hdor_User.txt:651] | 앞(?=[^이에은을으서질쪽도니인일섰잡장]) |  앞  | 20000000 | 1
16:55:18.609 | PostFIlter : [PostFilter_@Hdor_User.txt:1082] | 이다p9&Ca: | 인 걸요 | 20000000 | 0
16:55:18.625 | PostFIlter : [PostFilter_@Hdor_User.txt:1134] | 는p9&Db: | 는 것이다 | 20000000 | 0
16:55:18.640 | PostFIlter : [PostFilter_@Hdor_User.txt:1373] | 엣또 | 으음 | 20000000 | 0
16:55:18.640 | PostFIlter : [PostFilter_@Hdor_User.txt:590] | 지와 | _MATCH_CHECK | 20000101 | 0
16:55:18.656 | PostFIlter : [PostFilter_@Hdor_User.txt:348] | 로부터 | _MATCH_CHECK | 20000102 | 0
16:55:18.671 | PostFIlter : [PostFilter_@Hdor.txt:3691] | 무슨 ?[것일] | 무슨 일 | 20100100 | 1
16:55:18.687 | PostFIlter : [PostFilter_@Hdor.txt:3796] | 제발(?!이니까) | 부디 | 21101100 | 1
16:55:18.703 | PostFIlter : [PostFilter_@Hdor.txt:4005] | 지 말아라 | 지마 | 22100100 | 0
16:55:18.718 | PostFIlter : [PostFilter_@Hdor_User.txt:573] | ([^Ⓐ-Ⓢ])정말 | $1 정말 | 23000000 | 1
16:55:18.718 | PostFIlter : [PostFilter_@Hdor.txt:4124] | 자주Ⓔ잘Ⓥ | _MATCH_CHECK | 23100100 | 0
16:55:18.734 | PostFIlter : [PostFilter_@Hdor.txt:4126] | 자주Ⓔ잘Ⓥ(?= (?:닮|[되된될됩]|모[르른를릅]|몰|안[다 ]|안 ?보[이인일입여였]|알[고기면았])|도) | 잘 | 23100100 | 1
16:55:18.765 | PostFIlter : [PostFilter_@Hdor.txt:4293] | 봐 받 | 보여 받 | 23100100 | 0
16:55:18.781 | PostFIlter : [PostFilter_@Hdor.txt:4472] | ∥r ?(?:와|라고|로)(?=[도 Ⓖ-Ⓩ]|시켜) |  | 24100100 | 1
16:55:18.796 | PostFIlter : [PostFilter_@Hdor.txt:4579] | Ⓐ | 「 | 29410100 | 0
16:55:18.812 | PostFIlter : [PostFilter_@Hdor.txt:4583] | Ⓔ | ( | 29410100 | 0
16:55:18.828 | PostFIlter : [PostFilter_@Hdor.txt:4595] | Ⓝ | . | 29410100 | 0
16:55:18.828 | PostFIlter : [PostFilter_@Hdor.txt:4596] | Ⓞ | ? | 29410100 | 0
16:55:18.843 | PostFIlter : [PostFilter_@Hdor.txt:4597] | Ⓟ | ! | 29410100 | 0
16:55:18.859 | PostFIlter : [PostFilter_@Hdor.txt:4598] | Ⓠ | , | 29410100 | 0
16:55:18.859 | PostFIlter : [PostFilter_@Hdor.txt:4599] | Ⓡ | … | 29410100 | 0
16:55:18.875 | PostFIlter : [PostFilter_@Hdor.txt:4601] | Ⓣ | ― | 29410100 | 0
16:55:18.890 | PostFIlter : [PostFilter_@Hdor.txt:4604] | Ⓥ | ) | 29410100 | 0
16:55:18.906 | PostFIlter : [PostFilter_@Hdor.txt:4608] | Ⓩ | 」 | 29410100 | 0
16:55:18.937 | PostFIlter : [PostFilter_@Hdor.txt:4620] |   (?=[가-힣]) |   | 29710499 | 1
16:55:18.953 | PostFIlter : [PostFilter_@Hdor.txt:4623] | [\!\?\.,…](?=[가-힣‘])|[가-힣](?=[「『“‘]|[0-9]) | $0  | 29710500 | 1
16:55:19.968 | PostFIlter : [PostFilter_@Hdor_User03정.txt:25] | 있어  | 있어서  | 30000000 | 0
16:55:19.968 | PostFIlter : [PostFilter_@Hdor_User03정.txt:26] | 있어, | 있어서, | 30000000 | 0
16:55:19.984 | PostFIlter : [PostFilter_@Hdor_User03정.txt:41] | ― | ─ | 30000000 | 0
16:55:19.000 | PostFIlter : [PostFilter_@Hdor_User03정.txt:80] | ([─])- | $1─ | 30000000 | 1
16:55:19.015 | PostFIlter : [PostFilter_@Hdor_User03정.txt:136] | [^가-힣]알았습니다 | 알겠습니다 | 30000000 | 1
16:55:19.031 | PostFIlter : [PostFilter_@Hdor_User03정.txt:149] | (빠져|받아|올려|섞여|해|피해|없어져|높여|자라|삼아|속아|합쳐져|차려|달라|넣어|이용해|비해|만들어|거느려|마련해|작동해), | $1서, | 30000000 | 1
16:55:19.093 | PostFIlter : [PostFilter_@Hdor_User.txt:1194] | 도록(듯이) | _MATCH_CHECK | 30000100 | 0
16:55:19.109 | PostFIlter : [PostFilter_@Hdor_User01일반.txt:13] | 하지마 | 하지 마 | 77777777 | 0
16:55:19.109 | PostFIlter : [PostFilter_@Hdor_User01일반.txt:176] | …  | … | 77777777 | 0
16:55:19.125 | PostSkipLayer : 10310110, 10999090, 10999150, 10999180, 10999190, 29110130
16:55:19.140 | PostFIlter : --- Elasped Time : 3204ms ---
16:55:19.140 | [POST]  ↓#_#_# 로그인#_#_# 소설 정보#_#_# 감상#_#_# 리뷰#_#_# 세로 쓰기 PDF#_#_# 북마크에 추가#_#_# 표시 조정#_#_# 북마크 등록하는 경우는#_#_# 로그인#_#_# 해 주세요. #_#_# 로그인#_#_# 약혼 파기된 대역 따님, 첫사랑의 연상 왕자에게 몹시 사랑해진다 ~원약혼자가 복연 해 주고와 매일 땅에 엎드려 조아림해 옵니다만, 당신의 상대를 하고 있는 여유는 없습니다~#_#_# 하루나 사발#_#_# &lt;&lt;? 앞에#_#_# 다음에? &gt;&gt;#_#_# 2/56#_#_# 제 2화. 그리운 이름#_#_# 「누님, 나의 대역이 되어 주시지 않아?」#_#_# 그것은, 마법 학원에 입학해 머지 않아의 일. #_#_# 갑자기 그런 일을 말하기 시작한 여동생의 이리나에, 르이제는 곤혹했다. #_#_# 「……이리나, 그것은 어떤 의미?」#_#_# 「말의 의미 그대로야. 나, 하나 하나 테스트라든지 받는 것 귀찮아. 누님은 공부만은 단골 손님이라고 하기 때문에,#_#_# 원#_#_# (#_#_# ·#_#_# )#_#_ _#_# (#_#_# ·#_#_# )#_#_# 구#_#_# (#_#_# ·#_#_# )#_#_# 해#_#_# (#_#_# ·#_#_# )#_#_# 의#_#_# (#_#_# ·#_#_# )#_#_# 진#_#_# (#_#_# ·#_#_# )#_#_ _#_# (#_#_# ·#_#_# )#_#_# 를#_#_# (#_#_# ·#_#_# )#_#_# 해#_#_# (#_#_# ·#_#_# )#_#_# 라고#_#_# (#_#_# ·#_#_# )#_#_# 시#_#_# (#_#_# ·#_#_# )#_#_# 험#_#_# (#_#_# ·#_#_# )#_#_# 에#_#_# (#_#_# ·#_#_# )#_#_# 출#_#_# (#_#_# ·#_#_# )#_#_# 이라고#_#_# (#_#_# ·#_#_# )#_#_ _#_# (#_#_# ·#_#_# )#_#_# 해#_#_# (#_#_# ·#_#_# )#_#_# 있고#_#_# (#...
